{"level":"info","service":"auth-service","env":"local","time":"2025-05-04T18:01:44+05:30","message":"Starting authorization services"}
{"level":"warn","service":"auth-service","method":"Get","key":"account:managdsde::account_id:66666666-6666-6666-6666-666666666666:","time":"2025-05-04T18:02:05+05:30","message":"key not found"}
{"level":"info","service":"auth-service","env":"local","time":"2025-05-04T21:41:56+05:30","message":"Starting authorization services"}
{"level":"info","service":"auth-service","env":"local","time":"2025-05-04T21:43:01+05:30","message":"Starting authorization services"}
{"level":"info","service":"auth-service","env":"local","time":"2025-05-04T21:45:45+05:30","message":"Starting authorization services"}
{"level":"info","service":"auth-service","env":"local","time":"2025-05-04T21:50:00+05:30","message":"Starting authorization services"}
{"level":"info","service":"auth-service","env":"local","time":"2025-05-04T21:50:38+05:30","message":"Starting authorization services"}
{"level":"info","service":"auth-service","env":"local","time":"2025-05-04T21:52:32+05:30","message":"Starting authorization services"}
{"level":"info","service":"auth-service","env":"local","time":"2025-05-04T21:59:09+05:30","message":"Starting authorization services"}
{"level":"info","service":"auth-service","env":"local","time":"2025-05-04T22:01:58+05:30","message":"Starting authorization services"}
{"level":"info","service":"auth-service","env":"local","time":"2025-05-04T22:02:55+05:30","message":"Starting authorization services"}
{"level":"info","service":"auth-service","env":"local","time":"2025-05-04T22:05:36+05:30","message":"Starting authorization services"}
{"level":"info","service":"auth-service","env":"local","time":"2025-05-04T22:07:26+05:30","message":"Starting authorization services"}
{"level":"warn","service":"auth-service","method":"Get","key":"order:view::account_id:66666666-6666-6666-6666-666666666666:","time":"2025-05-04T22:07:43+05:30","message":"key not found"}
{"level":"error","service":"auth-service","error":"key not found","method":"DeleteToken","key":"order:view::account_id:66666666-6666-6666-6666-666666666666:","time":"2025-05-04T22:07:43+05:30","message":"failed to delete token from in_memory_DB"}
{"level":"warn","service":"auth-service","time":"2025-05-04T22:07:43+05:30","message":"decision wan't removed from cache DB"}
{"level":"warn","service":"auth-service","method":"Get","key":"account:manage::account_id:66666666-6666-6666-6666-666666666666:","time":"2025-05-04T22:07:43+05:30","message":"key not found"}
{"level":"error","service":"auth-service","error":"key not found","method":"DeleteToken","key":"account:manage::account_id:66666666-6666-6666-6666-666666666666:","time":"2025-05-04T22:07:43+05:30","message":"failed to delete token from in_memory_DB"}
{"level":"warn","service":"auth-service","time":"2025-05-04T22:07:43+05:30","message":"decision wan't removed from cache DB"}
{"level":"info","service":"auth-service","env":"local","time":"2025-05-04T22:13:11+05:30","message":"Starting authorization services"}
{"level":"warn","service":"auth-service","key":"order:view::account_id:66666666-6666-6666-6666-666666666666:","method":"Get","time":"2025-05-04T22:13:14+05:30","message":"key not found"}
{"level":"warn","service":"auth-service","method":"Get","key":"account:manage::account_id:66666666-6666-6666-6666-666666666666:","time":"2025-05-04T22:13:14+05:30","message":"key not found"}
{"level":"info","service":"auth-service","env":"local","time":"2025-05-04T22:14:12+05:30","message":"Starting authorization services"}
{"level":"warn","service":"auth-service","method":"Get","key":"order:view::account_id:66666666-6666-6666-6666-666666666666:","time":"2025-05-04T22:14:16+05:30","message":"key not found"}
{"level":"warn","service":"auth-service","method":"Get","key":"account:manage::account_id:66666666-6666-6666-6666-666666666666:","time":"2025-05-04T22:14:16+05:30","message":"key not found"}
{"level":"info","service":"auth-service","env":"local","time":"2025-05-04T22:24:31+05:30","message":"Starting authorization services"}
{"level":"warn","service":"auth-service","method":"Get","key":"order:view::account_id:66666666-6666-6666-6666-666666666666:","time":"2025-05-04T22:24:35+05:30","message":"key not found"}
{"level":"warn","service":"auth-service","method":"Get","key":"account:manage::account_id:66666666-6666-6666-6666-666666666666:","time":"2025-05-04T22:24:35+05:30","message":"key not found"}
{"level":"info","service":"auth-service","env":"local","time":"2025-05-04T22:40:03+05:30","message":"Starting authorization services"}
{"level":"warn","service":"auth-service","method":"Get","key":"order:view::account_id:66666666-6666-6666-6666-666666666666:","time":"2025-05-04T22:40:10+05:30","message":"key not found"}
{"level":"warn","service":"auth-service","key":"account:manage::account_id:66666666-6666-6666-6666-666666666666:","method":"Get","time":"2025-05-04T22:40:10+05:30","message":"key not found"}
{"level":"info","service":"auth-service","env":"local","time":"2025-05-04T22:42:27+05:30","message":"Starting authorization services"}
{"level":"warn","service":"auth-service","key":"order:view::account_id:66666666-6666-6666-6666-666666666666:","method":"Get","time":"2025-05-04T22:42:36+05:30","message":"key not found"}
{"level":"warn","service":"auth-service","method":"Get","key":"account:manage::account_id:66666666-6666-6666-6666-666666666666:","time":"2025-05-04T22:42:36+05:30","message":"key not found"}
{"level":"info","service":"auth-service","env":"local","time":"2025-05-04T23:00:34+05:30","message":"Starting authorization services"}
{"level":"warn","service":"auth-service","method":"Get","key":"order:view::account_id:66666666-6666-6666-6666-666666666666:","time":"2025-05-04T23:00:38+05:30","message":"key not found"}
{"level":"warn","service":"auth-service","method":"Get","key":"account:manage::account_id:66666666-6666-6666-6666-666666666666:","time":"2025-05-04T23:00:38+05:30","message":"key not found"}
{"level":"info","service":"auth-service","env":"local","time":"2025-05-04T23:16:19+05:30","message":"Starting authorization services"}
{"level":"info","service":"auth-service","env":"local","time":"2025-05-04T23:17:18+05:30","message":"Starting authorization services"}
{"level":"info","service":"auth-service","env":"local","time":"2025-05-05T21:21:26+05:30","message":"Starting authorization services"}
{"level":"info","service":"auth-service","env":"local","time":"2025-05-05T21:25:02+05:30","message":"Starting authorization services"}
{"level":"info","service":"auth-service","env":"local","time":"2025-05-05T21:25:34+05:30","message":"Starting authorization services"}
{"level":"info","service":"auth-service","env":"local","time":"2025-05-05T21:30:03+05:30","message":"Starting authorization services"}
{"level":"info","service":"auth-service","env":"local","time":"2025-05-05T21:30:45+05:30","message":"Starting authorization services"}
{"level":"info","service":"auth-service","env":"local","time":"2025-05-05T21:31:13+05:30","message":"Starting authorization services"}
{"level":"info","service":"auth-service","env":"local","time":"2025-05-05T21:32:34+05:30","message":"Starting authorization services"}
{"level":"warn","service":"auth-service","method":"Get","key":"order:view::account_id:66666666-6666-6666-6666-666666666666:","time":"2025-05-05T21:32:40+05:30","message":"key not found"}
{"level":"warn","service":"auth-service","method":"Get","key":"account:manage::account_id:66666666-6666-6666-6666-666666666666:","time":"2025-05-05T21:32:40+05:30","message":"key not found"}
{"level":"info","service":"auth-service","env":"local","time":"2025-05-05T21:34:29+05:30","message":"Starting authorization services"}
{"level":"warn","service":"auth-service","method":"Get","key":"order:view::account_id:66666666-6666-6666-6666-666666666666:","time":"2025-05-05T21:34:36+05:30","message":"key not found"}
{"level":"warn","service":"auth-service","method":"Get","key":"account:manage::account_id:66666666-6666-6666-6666-666666666666:","time":"2025-05-05T21:34:36+05:30","message":"key not found"}
{"level":"warn","service":"auth-service","method":"Get","key":"order:edit::account_id:66666666-6666-6666-6666-666666666666:","time":"2025-05-05T21:36:38+05:30","message":"key not found"}
{"level":"info","service":"auth-service","env":"local","time":"2025-05-05T21:37:16+05:30","message":"Starting authorization services"}
{"level":"warn","service":"auth-service","method":"Get","key":"order:view::account_id:66666666-6666-6666-6666-666666666666:","time":"2025-05-05T21:37:21+05:30","message":"key not found"}
{"level":"warn","service":"auth-service","method":"Get","key":"order:edit::account_id:66666666-6666-6666-6666-666666666666:","time":"2025-05-05T21:37:48+05:30","message":"key not found"}
