{"level":"info","service":"auth-service","env":"local","time":"2025-04-12T17:27:40+05:30","message":"Starting authentication service"}
{"level":"info","service":"auth-service","env":"local","time":"2025-04-12T17:35:27+05:30","message":"Starting authentication service"}
{"level":"info","service":"auth-service","env":"local","time":"2025-04-12T17:37:22+05:30","message":"Starting authentication service"}
{"level":"info","service":"auth-service","env":"local","time":"2025-04-12T17:39:51+05:30","message":"Starting authentication service"}
{"level":"info","service":"auth-service","env":"local","time":"2025-04-12T17:43:02+05:30","message":"Starting authentication service"}
{"level":"info","service":"auth-service","env":"local","time":"2025-04-12T17:45:09+05:30","message":"Starting authentication service"}
{"level":"info","service":"auth-service","env":"local","time":"2025-04-12T17:45:42+05:30","message":"Starting authentication service"}
{"level":"info","service":"auth-service","env":"local","time":"2025-04-12T17:46:16+05:30","message":"Starting authentication service"}
{"level":"info","service":"auth-service","env":"local","time":"2025-04-12T17:49:09+05:30","message":"Starting authentication service"}
{"level":"info","service":"auth-service","env":"local","time":"2025-04-12T17:50:23+05:30","message":"Starting authentication service"}
{"level":"info","service":"auth-service","db":{},"time":"2025-04-12T17:50:23+05:30","message":"Store db"}
{"level":"info","service":"auth-service","env":"local","time":"2025-04-12T18:03:02+05:30","message":"Starting authentication service"}
{"level":"info","service":"auth-service","db":{},"time":"2025-04-12T18:03:02+05:30","message":"Store db"}
{"level":"error","service":"auth-service","":"missing","time":"2025-04-12T18:03:02+05:30","message":"%w: type must be specified"}
{"level":"error","service":"auth-service","error":"invalid config","config_type":"","time":"2025-04-12T18:03:02+05:30","message":"%w: type must be specified"}
{"level":"info","service":"auth-service","error":"store config validation failed: invalid config","time":"2025-04-12T18:03:02+05:30","message":"falling back to LightningDB due to missing config"}
{"level":"info","service":"auth-service","storeManager":{},"time":"2025-04-12T18:03:02+05:30","message":"Store Manager"}
{"level":"info","service":"auth-service","storeCfg":null,"time":"2025-04-12T18:03:02+05:30","message":"Store Config"}
{"level":"info","service":"auth-service","env":"local","time":"2025-04-12T18:04:04+05:30","message":"Starting authentication service"}
{"level":"info","service":"auth-service","db":{},"time":"2025-04-12T18:04:04+05:30","message":"Store db"}
{"level":"info","service":"auth-service","error":"store config section is missing or nil in YAML file","time":"2025-04-12T18:04:04+05:30","message":"falling back to LightningDB due to missing config"}
{"level":"info","service":"auth-service","storeManager":{},"time":"2025-04-12T18:04:04+05:30","message":"Store Manager"}
{"level":"info","service":"auth-service","storeCfg":null,"time":"2025-04-12T18:04:04+05:30","message":"Store Config"}
{"level":"info","service":"auth-service","env":"local","time":"2025-04-12T18:04:33+05:30","message":"Starting authentication service"}
{"level":"info","service":"auth-service","db":{},"time":"2025-04-12T18:04:33+05:30","message":"Store db"}
{"level":"info","service":"auth-service","error":"store config section is missing or nil in YAML file","time":"2025-04-12T18:04:33+05:30","message":"falling back to LightningDB due to missing config"}
{"level":"info","service":"auth-service","storeManager":{},"time":"2025-04-12T18:04:33+05:30","message":"Store Manager"}
{"level":"info","service":"auth-service","storeCfg":null,"time":"2025-04-12T18:04:33+05:30","message":"Store Config"}
{"level":"info","service":"auth-service","env":"local","time":"2025-04-12T18:05:13+05:30","message":"Starting authentication service"}
{"level":"info","service":"auth-service","db":{},"time":"2025-04-12T18:05:13+05:30","message":"Store db"}
{"level":"info","service":"auth-service","error":"store config section is missing or nil in YAML file","time":"2025-04-12T18:05:13+05:30","message":"falling back to LightningDB due to missing config"}
{"level":"info","service":"auth-service","storeManager":{},"time":"2025-04-12T18:05:13+05:30","message":"Store Manager"}
{"level":"info","service":"auth-service","storeCfg":null,"time":"2025-04-12T18:05:13+05:30","message":"Store Config"}
{"level":"info","service":"auth-service","env":"local","time":"2025-04-12T18:10:29+05:30","message":"Starting authentication service"}
{"level":"info","service":"auth-service","db":{},"time":"2025-04-12T18:10:29+05:30","message":"Store db"}
{"level":"info","service":"auth-service","env":"local","time":"2025-04-12T18:11:39+05:30","message":"Starting authentication service"}
{"level":"info","service":"auth-service","db":{},"time":"2025-04-12T18:11:39+05:30","message":"Store db"}
{"level":"info","service":"auth-service","error":"store config section is missing or nil in YAML file","time":"2025-04-12T18:11:39+05:30","message":"falling back to LightningDB due to missing config"}
{"level":"info","service":"auth-service","storeManager":{},"time":"2025-04-12T18:11:39+05:30","message":"Store Manager"}
{"level":"info","service":"auth-service","storeCfg":null,"time":"2025-04-12T18:11:39+05:30","message":"Store Config"}
{"level":"info","service":"auth-service","env":"local","time":"2025-04-12T18:32:24+05:30","message":"Starting authentication service"}
{"level":"info","service":"auth-service","db":{},"time":"2025-04-12T18:32:24+05:30","message":"Store db"}
{"level":"error","service":"auth-service","":"missing","time":"2025-04-12T18:32:24+05:30","message":"%w: type must be specified"}
{"level":"error","service":"auth-service","error":"invalid config","config_type":"","time":"2025-04-12T18:32:24+05:30","message":"%w: type must be specified"}
{"level":"info","service":"auth-service","error":"invalid config","time":"2025-04-12T18:32:24+05:30","message":"falling back to LightningDB due to missing config"}
{"level":"info","service":"auth-service","storeManager":{},"time":"2025-04-12T18:32:24+05:30","message":"Store Manager"}
{"level":"info","service":"auth-service","storeCfg":null,"time":"2025-04-12T18:32:24+05:30","message":"Store Config"}
{"level":"info","service":"auth-service","env":"local","time":"2025-04-12T18:43:24+05:30","message":"Starting authentication service"}
{"level":"info","service":"auth-service","db":{},"time":"2025-04-12T18:43:24+05:30","message":"Store db"}
{"level":"info","service":"auth-service","storeManager":{},"time":"2025-04-12T18:43:24+05:30","message":"Store Manager"}
{"level":"info","service":"auth-service","storeCfg":{"Type":"lightning","Redis":{"Address":"localhost:6379","Password":"","DB":0,"PoolSize":10,"ReadTimeout":5000000000,"WriteTimeout":5000000000,"TTL":172800000000000},"Memcached":{"Addresses":["localhost:11211"],"Timeout":5000000000,"MaxIdleConns":10},"Dragonfly":{"Address":"localhost:6379","Password":"your-secret-password","DB":0,"PoolSize":10,"ReadTimeout":0,"WriteTimeout":0,"TTL":172800000000000},"Badger":null,"Lightning":{"InitialCapacity":1000,"MaxItems":10000,"CleanupInterval":172800000000000,"FallbackStore":null}},"time":"2025-04-12T18:43:24+05:30","message":"Store Config"}
{"level":"info","service":"auth-service","env":"local","time":"2025-04-12T18:48:56+05:30","message":"Starting authentication service"}
{"level":"info","service":"auth-service","db":{},"time":"2025-04-12T18:48:56+05:30","message":"Store db"}
{"level":"info","service":"auth-service","storeManager":{},"time":"2025-04-12T18:48:56+05:30","message":"Store Manager"}
{"level":"info","service":"auth-service","storeCfg":{"Type":"lightning","Redis":{"Address":"localhost:6379","Password":"","DB":0,"PoolSize":10,"ReadTimeout":5000000000,"WriteTimeout":5000000000,"TTL":172800000000000},"Memcached":{"Addresses":["localhost:11211"],"Timeout":5000000000,"MaxIdleConns":10},"Dragonfly":{"Address":"localhost:6379","Password":"your-secret-password","DB":0,"PoolSize":10,"ReadTimeout":0,"WriteTimeout":0,"TTL":172800000000000},"Badger":null,"Lightning":{"InitialCapacity":1000,"MaxItems":10000,"CleanupInterval":172800000000000,"FallbackStore":null}},"time":"2025-04-12T18:48:56+05:30","message":"Store Config"}
{"level":"info","service":"auth-service","env":"local","time":"2025-04-12T18:51:59+05:30","message":"Starting authentication service"}
{"level":"info","service":"auth-service","db":{},"time":"2025-04-12T18:51:59+05:30","message":"Store db"}
{"level":"info","service":"auth-service","storeManager":{},"time":"2025-04-12T18:51:59+05:30","message":"Store Manager"}
{"level":"info","service":"auth-service","storeCfg":{"Type":"lightning","Redis":{"Address":"localhost:6379","Password":"","DB":0,"PoolSize":10,"ReadTimeout":5000000000,"WriteTimeout":5000000000,"TTL":172800000000000},"Memcached":{"Addresses":["localhost:11211"],"Timeout":5000000000,"MaxIdleConns":10},"Dragonfly":{"Address":"localhost:6379","Password":"your-secret-password","DB":0,"PoolSize":10,"ReadTimeout":0,"WriteTimeout":0,"TTL":172800000000000},"Badger":null,"Lightning":{"InitialCapacity":1000,"MaxItems":10000,"CleanupInterval":172800000000000,"FallbackStore":null}},"time":"2025-04-12T18:51:59+05:30","message":"Store Config"}
{"level":"info","service":"auth-service","accessTTL":"15m","refreshTTL":"168h","time":"2025-04-12T18:51:59+05:30","message":"accessTTL"}
{"level":"info","service":"auth-service","env":"local","time":"2025-04-12T18:53:52+05:30","message":"Starting authentication service"}
{"level":"info","service":"auth-service","db":{},"time":"2025-04-12T18:53:52+05:30","message":"Store db"}
{"level":"info","service":"auth-service","storeManager":{},"time":"2025-04-12T18:53:52+05:30","message":"Store Manager"}
{"level":"info","service":"auth-service","storeCfg":{"Type":"lightning","Redis":{"Address":"localhost:6379","Password":"","DB":0,"PoolSize":10,"ReadTimeout":5000000000,"WriteTimeout":5000000000,"TTL":172800000000000},"Memcached":{"Addresses":["localhost:11211"],"Timeout":5000000000,"MaxIdleConns":10},"Dragonfly":{"Address":"localhost:6379","Password":"your-secret-password","DB":0,"PoolSize":10,"ReadTimeout":0,"WriteTimeout":0,"TTL":172800000000000},"Badger":null,"Lightning":{"InitialCapacity":1000,"MaxItems":10000,"CleanupInterval":172800000000000,"FallbackStore":null}},"time":"2025-04-12T18:53:52+05:30","message":"Store Config"}
{"level":"info","service":"auth-service","loginID":"","time":"2025-04-12T19:02:52+05:30","message":"login attempt"}
{"level":"error","service":"auth-service","method":"Login","loginID":"","time":"2025-04-12T19:02:52+05:30","message":"username or password cannot be empty"}
{"level":"info","service":"auth-service","loginID":"","time":"2025-04-12T19:04:03+05:30","message":"login attempt"}
{"level":"error","service":"auth-service","loginID":"","method":"Login","time":"2025-04-12T19:04:03+05:30","message":"username or password cannot be empty"}
{"level":"info","service":"auth-service","loginID":"","time":"2025-04-12T19:07:06+05:30","message":"login attempt"}
{"level":"error","service":"auth-service","loginID":"","method":"Login","time":"2025-04-12T19:07:06+05:30","message":"username or password cannot be empty"}
{"level":"info","service":"auth-service","loginID":"admin.zrms","time":"2025-04-12T19:09:04+05:30","message":"login attempt"}
{"level":"error","service":"auth-service","error":"pq: relation \"accounts\" does not exist","method":"GetUser","login_id":"admin.zrms","account_type":"super_admin","time":"2025-04-12T19:09:04+05:30","message":"db query failed"}
{"level":"info","service":"auth-service","loginID":"admin.zrms","time":"2025-04-12T19:10:50+05:30","message":"login attempt"}
{"level":"error","service":"auth-service","error":"pq: relation \"accounts\" does not exist","method":"GetUser","login_id":"admin.zrms","account_type":"super_admin","time":"2025-04-12T19:10:50+05:30","message":"db query failed"}
{"level":"info","service":"auth-service","loginID":"ops.manager","time":"2025-04-12T19:16:13+05:30","message":"login attempt"}
{"level":"error","service":"auth-service","error":"pq: relation \"accounts\" does not exist","method":"GetUser","login_id":"ops.manager","account_type":"admin","time":"2025-04-12T19:16:13+05:30","message":"db query failed"}
{"level":"info","service":"auth-service","env":"local","time":"2025-04-12T19:28:11+05:30","message":"Starting authentication service"}
{"level":"info","service":"auth-service","db":{},"time":"2025-04-12T19:28:11+05:30","message":"Store db"}
{"level":"info","service":"auth-service","storeManager":{},"time":"2025-04-12T19:28:11+05:30","message":"Store Manager"}
{"level":"info","service":"auth-service","storeCfg":{"Type":"lightning","Redis":{"Address":"localhost:6379","Password":"","DB":0,"PoolSize":10,"ReadTimeout":5000000000,"WriteTimeout":5000000000,"TTL":172800000000000},"Memcached":{"Addresses":["localhost:11211"],"Timeout":5000000000,"MaxIdleConns":10},"Dragonfly":{"Address":"localhost:6379","Password":"your-secret-password","DB":0,"PoolSize":10,"ReadTimeout":0,"WriteTimeout":0,"TTL":172800000000000},"Badger":null,"Lightning":{"InitialCapacity":1000,"MaxItems":10000,"CleanupInterval":172800000000000,"FallbackStore":null}},"time":"2025-04-12T19:28:11+05:30","message":"Store Config"}
{"level":"info","service":"auth-service","loginID":"ops.manager","time":"2025-04-12T19:28:18+05:30","message":"login attempt"}
{"level":"error","service":"auth-service","error":"pq: column \"password\" does not exist","method":"GetUser","login_id":"ops.manager","account_type":"admin","time":"2025-04-12T19:28:18+05:30","message":"db query failed"}
{"level":"info","service":"auth-service","env":"local","time":"2025-04-12T19:29:10+05:30","message":"Starting authentication service"}
{"level":"info","service":"auth-service","db":{},"time":"2025-04-12T19:29:10+05:30","message":"Store db"}
{"level":"info","service":"auth-service","storeManager":{},"time":"2025-04-12T19:29:10+05:30","message":"Store Manager"}
{"level":"info","service":"auth-service","storeCfg":{"Type":"lightning","Redis":{"Address":"localhost:6379","Password":"","DB":0,"PoolSize":10,"ReadTimeout":5000000000,"WriteTimeout":5000000000,"TTL":172800000000000},"Memcached":{"Addresses":["localhost:11211"],"Timeout":5000000000,"MaxIdleConns":10},"Dragonfly":{"Address":"localhost:6379","Password":"your-secret-password","DB":0,"PoolSize":10,"ReadTimeout":0,"WriteTimeout":0,"TTL":172800000000000},"Badger":null,"Lightning":{"InitialCapacity":1000,"MaxItems":10000,"CleanupInterval":172800000000000,"FallbackStore":null}},"time":"2025-04-12T19:29:10+05:30","message":"Store Config"}
{"level":"info","service":"auth-service","loginID":"ops.manager","time":"2025-04-12T19:29:17+05:30","message":"login attempt"}
{"level":"error","service":"auth-service","error":"sql: Scan error on column index 7, name \"permissions\": invalid character 'r' looking for beginning of object key string","method":"GetUser","login_id":"ops.manager","account_type":"admin","time":"2025-04-12T19:29:17+05:30","message":"db query failed"}
{"level":"info","service":"auth-service","loginID":"ops.manager","time":"2025-04-12T19:46:28+05:30","message":"login attempt"}
{"level":"error","service":"auth-service","error":"sql: Scan error on column index 7, name \"permissions\": json: cannot unmarshal object into Go value of type models.JSONStringArray","method":"GetUser","login_id":"ops.manager","account_type":"admin","time":"2025-04-12T19:46:28+05:30","message":"db query failed"}
{"level":"info","service":"auth-service","loginID":"ops.manager","time":"2025-04-12T21:48:57+05:30","message":"login attempt"}
{"level":"error","service":"auth-service","error":"sql: Scan error on column index 7, name \"permissions\": invalid character '}' after object key","method":"GetUser","login_id":"ops.manager","account_type":"admin","time":"2025-04-12T21:48:57+05:30","message":"db query failed"}
{"level":"info","service":"auth-service","loginID":"ops.manager","time":"2025-04-12T21:50:48+05:30","message":"login attempt"}
{"level":"error","service":"auth-service","error":"sql: Scan error on column index 7, name \"permissions\": invalid character '}' after object key","method":"GetUser","login_id":"ops.manager","account_type":"admin","time":"2025-04-12T21:50:48+05:30","message":"db query failed"}
{"level":"info","service":"auth-service","loginID":"ops.manager","time":"2025-04-12T21:50:55+05:30","message":"login attempt"}
{"level":"error","service":"auth-service","error":"sql: Scan error on column index 7, name \"permissions\": invalid character '}' after object key","method":"GetUser","login_id":"ops.manager","account_type":"admin","time":"2025-04-12T21:50:55+05:30","message":"db query failed"}
