{"level":"info","service":"account-service","env":"local","time":"2025-05-11T21:09:25+05:30","message":"Starting account services"}
{"level":"info","service":"account-service","env":"local","time":"2025-05-11T21:18:21+05:30","message":"Starting account services"}
{"level":"error","service":"account-service","error":"missing authorization header","layer":"middleware","method":"Unary","time":"2025-05-11T21:18:31+05:30","message":"authentication failed"}
{"level":"error","service":"account-service","error":"missing authorization header","layer":"middleware","method":"Unary","time":"2025-05-11T23:49:47+05:30","message":"authentication failed"}
{"level":"error","service":"account-service","error":"rpc error: code = Unimplemented desc = method VerifyToken not implemented","time":"2025-05-11T23:50:45+05:30","message":"something went wrong while verifying token on authN services"}
{"level":"error","service":"account-service","error":"rpc error: code = Unimplemented desc = method VerifyToken not implemented","time":"2025-05-11T23:50:45+05:30","message":"something went wrong while verifying token"}
{"level":"error","service":"account-service","error":"rpc error: code = Unimplemented desc = method VerifyToken not implemented","layer":"middleware","method":"Unary","time":"2025-05-11T23:50:45+05:30","message":"authentication failed"}
{"level":"info","service":"account-service","env":"local","time":"2025-05-12T20:37:44+05:30","message":"Starting account services"}
{"level":"error","service":"account-service","error":"rpc error: code = Unimplemented desc = method VerifyToken not implemented","time":"2025-05-12T20:39:34+05:30","message":"something went wrong while verifying token on authN services"}
{"level":"error","service":"account-service","error":"rpc error: code = Unimplemented desc = method VerifyToken not implemented","time":"2025-05-12T20:39:34+05:30","message":"something went wrong while verifying token"}
{"level":"error","service":"account-service","error":"rpc error: code = Unimplemented desc = method VerifyToken not implemented","layer":"middleware","method":"Unary","time":"2025-05-12T20:39:34+05:30","message":"authentication failed"}
{"level":"error","service":"account-service","error":"rpc error: code = Unimplemented desc = method VerifyToken not implemented","time":"2025-05-12T21:52:11+05:30","message":"something went wrong while verifying token on authN services"}
{"level":"error","service":"account-service","error":"rpc error: code = Unimplemented desc = method VerifyToken not implemented","time":"2025-05-12T21:52:11+05:30","message":"something went wrong while verifying token"}
{"level":"error","service":"account-service","error":"rpc error: code = Unimplemented desc = method VerifyToken not implemented","method":"Unary","layer":"middleware","time":"2025-05-12T21:52:11+05:30","message":"authentication failed"}
{"level":"info","service":"account-service","env":"local","time":"2025-05-12T21:55:05+05:30","message":"Starting account services"}
{"level":"error","service":"account-service","error":"rpc error: code = Unimplemented desc = method VerifyToken not implemented","time":"2025-05-12T21:55:09+05:30","message":"something went wrong while verifying token on authN services"}
{"level":"error","service":"account-service","error":"rpc error: code = Unimplemented desc = method VerifyToken not implemented","time":"2025-05-12T21:55:09+05:30","message":"something went wrong while verifying token"}
{"level":"error","service":"account-service","error":"rpc error: code = Unimplemented desc = method VerifyToken not implemented","method":"Unary","layer":"middleware","time":"2025-05-12T21:55:09+05:30","message":"authentication failed"}
{"level":"info","service":"account-service","env":"local","time":"2025-05-12T23:28:39+05:30","message":"Starting account services"}
{"level":"error","service":"account-service","error":"input must be a valid URL","layer":"handler","method":"CreateFranchise","time":"2025-05-12T23:29:21+05:30","message":"unable to validate  frachise fields"}
{"level":"error","service":"account-service","error":"input must be a valid URL","method":"CreateFranchise","layer":"handler","time":"2025-05-12T23:29:47+05:30","message":"unable to validate  frachise fields"}
{"level":"error","service":"account-service","error":"input cannot be empty","layer":"handler","method":"CreateFranchise","time":"2025-05-12T23:30:37+05:30","message":"unable to validate  frachise fields"}
{"level":"info","service":"account-service","env":"local","time":"2025-05-12T23:34:24+05:30","message":"Starting account services"}
{"level":"error","service":"account-service","error":"Missing Franchise Owner ID input cannot be empty","method":"CreateFranchise","layer":"handler","time":"2025-05-12T23:34:32+05:30","message":"unable to validate  frachise fields"}
{"level":"error","service":"account-service","error":"rpc error: code = Internal desc = failed to create franchise : rpc error: code = PermissionDenied desc = permission not found","layer":"handler","method":"CreateFranchise","time":"2025-05-12T23:35:09+05:30","message":"somthing went wrong while creating: %snew owner"}
{"level":"info","service":"account-service","env":"local","time":"2025-05-13T08:26:52+05:30","message":"Starting account services"}
{"level":"error","service":"account-service","error":"unauthorized condition column: deleted_at","table":"franchises","columns":"id, business_name, logo_url, sub_domain, theme_settings, status, created_at, updated_at","conditions":"deleted_at=<nil>, business_name=Test_123","layer":"repository","method":"GetFranchiseByBusinessName","schema":"outlet","time":"2025-05-13T08:28:15+05:30","message":"something went wrong inside query select builder function"}
{"level":"fatal","service":"account-service","error":"pq: column \"sub_domain\" does not exist","layer":"repository","method":"GetFranchiseByBusinessName","time":"2025-05-13T08:28:15+05:30","message":"db query failed"}
{"level":"info","service":"account-service","env":"local","time":"2025-05-13T08:30:17+05:30","message":"Starting account services"}
{"level":"error","service":"account-service","error":"unauthorized condition column: deleted_at","method":"GetFranchiseByBusinessName","schema":"outlet","table":"franchises","columns":"id, business_name, logo_url, sub_domain, theme_settings, status, created_at, updated_at","conditions":"deleted_at=<nil>, business_name=Test_123","layer":"repository","time":"2025-05-13T08:30:28+05:30","message":"something went wrong inside query select builder function"}
{"level":"fatal","service":"account-service","error":"pq: column \"sub_domain\" does not exist","layer":"repository","method":"GetFranchiseByBusinessName","time":"2025-05-13T08:30:28+05:30","message":"db query failed"}
{"level":"info","service":"account-service","env":"local","time":"2025-05-13T08:31:11+05:30","message":"Starting account services"}
{"level":"error","service":"account-service","error":"rpc error: code = Unknown desc = token verification failed","time":"2025-05-13T20:59:30+05:30","message":"something went wrong while verifying token on authN services"}
{"level":"error","service":"account-service","error":"rpc error: code = Unknown desc = token verification failed","time":"2025-05-13T20:59:30+05:30","message":"something went wrong while verifying token"}
{"level":"error","service":"account-service","error":"rpc error: code = Unknown desc = token verification failed","layer":"middleware","method":"Unary","time":"2025-05-13T20:59:30+05:30","message":"authentication failed"}
{"level":"error","service":"account-service","error":"rpc error: code = Unknown desc = token verification failed","time":"2025-05-13T21:06:24+05:30","message":"something went wrong while verifying token on authN services"}
{"level":"error","service":"account-service","error":"rpc error: code = Unknown desc = token verification failed","time":"2025-05-13T21:06:24+05:30","message":"something went wrong while verifying token"}
{"level":"error","service":"account-service","error":"rpc error: code = Unknown desc = token verification failed","method":"Unary","layer":"middleware","time":"2025-05-13T21:06:24+05:30","message":"authentication failed"}
{"level":"error","service":"account-service","error":"unauthorized condition column: deleted_at","layer":"repository","method":"GetFranchiseByBusinessName","schema":"outlet","table":"franchises","columns":"id, business_name, logo_url, subdomain, theme_settings, status, created_at, updated_at","conditions":"deleted_at=<nil>, business_name=Test_123","time":"2025-05-13T21:07:01+05:30","message":"something went wrong inside query select builder function"}
{"level":"fatal","service":"account-service","error":"pq: column \"deleted_at\" does not exist","layer":"repository","method":"GetFranchiseByBusinessName","time":"2025-05-13T21:07:01+05:30","message":"db query failed"}
{"level":"info","service":"account-service","env":"local","time":"2025-05-13T21:14:04+05:30","message":"Starting account services"}
{"level":"error","service":"account-service","error":"unauthorized condition column: deleted_at","layer":"repository","method":"GetFranchiseByBusinessName","schema":"outlet","table":"franchises","columns":"id, business_name, logo_url, subdomain, theme_settings, status, created_at, updated_at","conditions":"deleted_at=<nil>, business_name=Test_123","time":"2025-05-13T21:15:20+05:30","message":"something went wrong inside query select builder function"}
{"level":"fatal","service":"account-service","layer":"repository","method":"GetFranchiseByBusinessName","time":"2025-05-13T21:15:20+05:30","message":"failed to retrive data from last query performed"}
{"level":"info","service":"account-service","env":"local","time":"2025-05-13T21:16:18+05:30","message":"Starting account services"}
{"level":"error","service":"account-service","error":"unauthorized condition column: deleted_at","columns":"id, business_name, logo_url, subdomain, theme_settings, status, created_at, updated_at","conditions":"business_name=Test_123, deleted_at=<nil>","layer":"repository","method":"GetFranchiseByBusinessName","schema":"outlet","table":"franchises","time":"2025-05-13T21:16:23+05:30","message":"something went wrong inside query select builder function"}
{"level":"error","service":"account-service","error":"sql: no rows in result set","layer":"repository","method":"GetFranchiseByBusinessName","time":"2025-05-13T21:16:23+05:30","message":"failed to retrive data from last query performed"}
{"level":"error","service":"account-service","error":"rpc error: code = Internal desc = failed to create franchise : sql: no rows in result set","method":"CreateFranchise","layer":"handler","time":"2025-05-13T21:16:23+05:30","message":"somthing went wrong while creating: %snew owner"}
{"level":"info","service":"account-service","env":"local","time":"2025-05-13T21:17:44+05:30","message":"Starting account services"}
{"level":"error","service":"account-service","error":"unauthorized condition column: deleted_at","layer":"repository","method":"GetFranchiseByBusinessName","schema":"outlet","table":"franchises","columns":"id, business_name, logo_url, subdomain, theme_settings, status, created_at, updated_at","conditions":"deleted_at=<nil>, business_name=Test_123","time":"2025-05-13T21:18:03+05:30","message":"something went wrong inside query select builder function"}
{"level":"error","service":"account-service","error":"sql: no rows in result set","method":"GetFranchiseByBusinessName","layer":"repository","time":"2025-05-13T21:18:03+05:30","message":"failed to retrive data from last query performed"}
{"level":"error","service":"account-service","error":"rpc error: code = Internal desc = failed to create franchise : sql: no rows in result set","method":"CreateFranchise","layer":"handler","time":"2025-05-13T21:18:03+05:30","message":"somthing went wrong while creating: %snew owner"}
{"level":"info","service":"account-service","env":"local","time":"2025-05-13T21:52:05+05:30","message":"Starting account services"}
{"level":"error","service":"account-service","error":"unauthorized condition column: deleted_at","layer":"repository","method":"GetFranchiseByBusinessName","schema":"outlet","table":"franchises","columns":"id, business_name, logo_url, subdomain, theme_settings, status, created_at, updated_at","conditions":"deleted_at=<nil>, business_name=Test_123","time":"2025-05-13T21:54:08+05:30","message":"something went wrong inside query select builder function"}
{"level":"error","service":"account-service","error":"sql: no rows in result set","layer":"repository","method":"GetFranchiseByBusinessName","time":"2025-05-13T21:54:08+05:30","message":"failed to retrive data from last query performed"}
{"level":"error","service":"account-service","error":"rpc error: code = Internal desc = failed to create franchise : sql: no rows in result set","layer":"handler","method":"CreateFranchise","time":"2025-05-13T21:54:08+05:30","message":"somthing went wrong while creating: %snew owner"}
{"level":"info","service":"account-service","env":"local","time":"2025-05-13T21:57:54+05:30","message":"Starting account services"}
{"level":"error","service":"account-service","error":"unauthorized condition column: deleted_at","method":"GetFranchiseByBusinessName","schema":"outlet","table":"franchises","columns":"id, business_name, logo_url, subdomain, theme_settings, status, created_at, updated_at","conditions":"deleted_at=<nil>, business_name=Test_123","layer":"repository","time":"2025-05-13T21:58:13+05:30","message":"something went wrong inside query select builder function"}
{"level":"error","service":"account-service","error":"sql: no rows in result set","method":"GetFranchiseByBusinessName","layer":"repository","time":"2025-05-13T21:58:13+05:30","message":"failed to retrive data from last query performed"}
{"level":"error","service":"account-service","error":"rpc error: code = Internal desc = failed to create franchise : sql: no rows in result set","layer":"handler","method":"CreateFranchise","time":"2025-05-13T21:58:13+05:30","message":"somthing went wrong while creating: %snew owner"}
{"level":"info","service":"account-service","env":"local","time":"2025-05-13T22:10:55+05:30","message":"Starting account services"}
{"level":"error","service":"account-service","error":"rpc error: code = Unknown desc = token verification failed","time":"2025-05-13T22:11:04+05:30","message":"something went wrong while verifying token on authN services"}
{"level":"error","service":"account-service","error":"rpc error: code = Unknown desc = token verification failed","time":"2025-05-13T22:11:04+05:30","message":"something went wrong while verifying token"}
{"level":"error","service":"account-service","error":"rpc error: code = Unknown desc = token verification failed","layer":"middleware","method":"Unary","time":"2025-05-13T22:11:04+05:30","message":"authentication failed"}
{"level":"error","service":"account-service","error":"unauthorized condition column: deleted_at","table":"franchises","columns":"id, business_name, logo_url, subdomain, theme_settings, status, created_at, updated_at","conditions":"deleted_at=<nil>, business_name=Test_123","layer":"repository","method":"GetFranchiseByBusinessName","schema":"outlet","time":"2025-05-13T22:11:32+05:30","message":"something went wrong inside query select builder function"}
{"level":"error","service":"account-service","error":"sql: no rows in result set","layer":"repository","method":"GetFranchiseByBusinessName","time":"2025-05-13T22:11:32+05:30","message":"failed to retrive data from last query performed"}
{"level":"error","service":"account-service","error":"rpc error: code = Internal desc = failed to create franchise : sql: no rows in result set","layer":"handler","method":"CreateFranchise","time":"2025-05-13T22:11:32+05:30","message":"somthing went wrong while creating: %snew owner"}
{"level":"info","service":"account-service","env":"local","time":"2025-05-13T22:29:43+05:30","message":"Starting account services"}
{"level":"error","service":"account-service","error":"rpc error: code = Unknown desc = token verification failed","time":"2025-05-13T22:31:52+05:30","message":"something went wrong while verifying token on authN services"}
{"level":"error","service":"account-service","error":"rpc error: code = Unknown desc = token verification failed","time":"2025-05-13T22:31:52+05:30","message":"something went wrong while verifying token"}
{"level":"error","service":"account-service","error":"rpc error: code = Unknown desc = token verification failed","layer":"middleware","method":"Unary","time":"2025-05-13T22:31:52+05:30","message":"authentication failed"}
{"level":"error","service":"account-service","error":"sql: no rows in result set","layer":"repository","method":"GetFranchiseByBusinessName","time":"2025-05-13T22:32:15+05:30","message":"failed to retrive data from last query performed"}
{"level":"error","service":"account-service","error":"rpc error: code = Internal desc = failed to create franchise : sql: no rows in result set","layer":"handler","method":"CreateFranchise","time":"2025-05-13T22:32:15+05:30","message":"somthing went wrong while creating: %snew owner"}
{"level":"error","service":"account-service","error":"sql: no rows in result set","layer":"repository","method":"GetFranchiseByBusinessName","time":"2025-05-14T19:55:14+05:30","message":"failed to retrive data from last query performed"}
{"level":"error","service":"account-service","error":"rpc error: code = Internal desc = failed to create franchise : sql: no rows in result set","layer":"handler","method":"CreateFranchise","time":"2025-05-14T19:55:14+05:30","message":"somthing went wrong while creating: %snew owner"}
{"level":"error","service":"account-service","error":"sql: no rows in result set","layer":"repository","method":"GetFranchiseByBusinessName","time":"2025-05-14T19:55:58+05:30","message":"failed to retrive data from last query performed"}
{"level":"error","service":"account-service","error":"rpc error: code = Internal desc = failed to create franchise : sql: no rows in result set","layer":"handler","method":"CreateFranchise","time":"2025-05-14T19:55:58+05:30","message":"somthing went wrong while creating: %snew owner"}
{"level":"info","service":"account-service","env":"local","time":"2025-05-14T19:56:29+05:30","message":"Starting account services"}
{"level":"error","service":"account-service","error":"sql: no rows in result set","layer":"repository","method":"GetFranchiseByBusinessName","time":"2025-05-14T19:56:33+05:30","message":"failed to retrive data from last query performed"}
{"level":"error","service":"account-service","error":"rpc error: code = Internal desc = failed to create franchise : sql: no rows in result set","layer":"handler","method":"CreateFranchise","time":"2025-05-14T19:56:33+05:30","message":"somthing went wrong while creating: %snew owner"}
{"level":"info","service":"account-service","env":"local","time":"2025-05-14T19:57:17+05:30","message":"Starting account services"}
{"level":"error","service":"account-service","error":"sql: no rows in result set","layer":"repository","method":"GetFranchiseByBusinessName","time":"2025-05-14T19:57:24+05:30","message":"failed to retrive data from last query performed"}
{"level":"error","service":"account-service","error":"rpc error: code = Internal desc = failed to create franchise : sql: no rows in result set","layer":"handler","method":"CreateFranchise","time":"2025-05-14T19:57:24+05:30","message":"somthing went wrong while creating: %snew owner"}
{"level":"info","service":"account-service","env":"local","time":"2025-05-14T19:58:45+05:30","message":"Starting account services"}
{"level":"error","service":"account-service","error":"sql: no rows in result set","layer":"repository","method":"GetFranchiseByBusinessName","time":"2025-05-14T19:58:48+05:30","message":"failed to retrive data from last query performed"}
{"level":"error","service":"account-service","error":"rpc error: code = Internal desc = failed to create franchise : sql: no rows in result set","layer":"handler","method":"CreateFranchise","time":"2025-05-14T19:58:48+05:30","message":"somthing went wrong while creating: %snew owner"}
{"level":"info","service":"account-service","env":"local","time":"2025-05-14T20:00:34+05:30","message":"Starting account services"}
{"level":"error","service":"account-service","error":"sql: no rows in result set","layer":"repository","method":"GetFranchiseByBusinessName","time":"2025-05-14T20:00:50+05:30","message":"failed to retrive data from last query performed"}
{"level":"error","service":"account-service","error":"rpc error: code = Internal desc = failed to create franchise : sql: no rows in result set","layer":"handler","method":"CreateFranchise","time":"2025-05-14T20:00:50+05:30","message":"somthing went wrong while creating: %snew owner"}
{"level":"info","service":"account-service","env":"local","time":"2025-05-14T20:09:54+05:30","message":"Starting account services"}
{"level":"error","service":"account-service","error":"rpc error: code = Unknown desc = token verification failed","time":"2025-05-14T20:09:59+05:30","message":"something went wrong while verifying token on authN services"}
{"level":"error","service":"account-service","error":"rpc error: code = Unknown desc = token verification failed","time":"2025-05-14T20:09:59+05:30","message":"something went wrong while verifying token"}
{"level":"error","service":"account-service","error":"rpc error: code = Unknown desc = token verification failed","layer":"middleware","method":"Unary","time":"2025-05-14T20:09:59+05:30","message":"authentication failed"}
{"level":"error","service":"account-service","error":"sql: converting argument $5 type: unsupported type map[string]interface {}, a map","layer":"repository","method":"CreateFranchise","time":"2025-05-14T20:10:28+05:30","message":"db query failed"}
{"level":"error","service":"account-service","error":"rpc error: code = Internal desc = failed to create franchise : sql: converting argument $5 type: unsupported type map[string]interface {}, a map","layer":"handler","method":"CreateFranchise","time":"2025-05-14T20:10:28+05:30","message":"somthing went wrong while creating: %snew owner"}
{"level":"error","service":"account-service","error":"sql: converting argument $5 type: unsupported type map[string]interface {}, a map","layer":"repository","method":"CreateFranchise","time":"2025-05-14T20:16:17+05:30","message":"db query failed"}
{"level":"error","service":"account-service","error":"rpc error: code = Internal desc = failed to create franchise : sql: converting argument $5 type: unsupported type map[string]interface {}, a map","layer":"handler","method":"CreateFranchise","time":"2025-05-14T20:16:17+05:30","message":"somthing went wrong while creating: %snew owner"}
{"level":"info","service":"account-service","env":"local","time":"2025-05-14T20:18:34+05:30","message":"Starting account services"}
{"level":"error","service":"account-service","error":"sql: converting argument $4 type: unsupported type map[string]interface {}, a map","layer":"repository","method":"CreateFranchise","time":"2025-05-14T20:18:37+05:30","message":"db query failed"}
{"level":"error","service":"account-service","error":"rpc error: code = Internal desc = failed to create franchise : sql: converting argument $4 type: unsupported type map[string]interface {}, a map","layer":"handler","method":"CreateFranchise","time":"2025-05-14T20:18:37+05:30","message":"somthing went wrong while creating: %snew owner"}
{"level":"info","service":"account-service","env":"local","time":"2025-05-14T20:27:17+05:30","message":"Starting account services"}
{"level":"error","service":"account-service","error":"rpc error: code = Unknown desc = token verification failed","time":"2025-05-14T20:27:41+05:30","message":"something went wrong while verifying token on authN services"}
{"level":"error","service":"account-service","error":"rpc error: code = Unknown desc = token verification failed","time":"2025-05-14T20:27:41+05:30","message":"something went wrong while verifying token"}
{"level":"error","service":"account-service","error":"rpc error: code = Unknown desc = token verification failed","method":"Unary","layer":"middleware","time":"2025-05-14T20:27:41+05:30","message":"authentication failed"}
{"level":"error","service":"account-service","error":"rpc error: code = Unknown desc = token verification failed","time":"2025-05-14T20:28:14+05:30","message":"something went wrong while verifying token on authN services"}
{"level":"error","service":"account-service","error":"rpc error: code = Unknown desc = token verification failed","time":"2025-05-14T20:28:14+05:30","message":"something went wrong while verifying token"}
{"level":"error","service":"account-service","error":"rpc error: code = Unknown desc = token verification failed","layer":"middleware","method":"Unary","time":"2025-05-14T20:28:14+05:30","message":"authentication failed"}
{"level":"error","service":"account-service","error":"pq: null value in column \"id\" of relation \"franchises\" violates not-null constraint","layer":"repository","method":"CreateFranchise","time":"2025-05-14T20:28:34+05:30","message":"db query failed"}
{"level":"error","service":"account-service","error":"rpc error: code = Internal desc = failed to create franchise : pq: null value in column \"id\" of relation \"franchises\" violates not-null constraint","layer":"handler","method":"CreateFranchise","time":"2025-05-14T20:28:34+05:30","message":"somthing went wrong while creating: %snew owner"}
{"level":"info","service":"account-service","env":"local","time":"2025-05-14T20:37:59+05:30","message":"Starting account services"}
{"level":"error","service":"account-service","error":"pq: column \"5e48c482-8b3c-4c3f-a858-eba707278c60\" of relation \"franchises\" does not exist","layer":"repository","method":"CreateFranchise","time":"2025-05-14T20:38:03+05:30","message":"db query failed"}
{"level":"error","service":"account-service","error":"rpc error: code = Internal desc = failed to create franchise : pq: column \"5e48c482-8b3c-4c3f-a858-eba707278c60\" of relation \"franchises\" does not exist","method":"CreateFranchise","layer":"handler","time":"2025-05-14T20:38:03+05:30","message":"somthing went wrong while creating: %snew owner"}
{"level":"info","service":"account-service","env":"local","time":"2025-05-14T20:42:19+05:30","message":"Starting account services"}
{"level":"error","service":"account-service","error":"sql: expected 8 destination arguments in Scan, not 1","layer":"repository","method":"CreateFranchise","time":"2025-05-14T20:42:24+05:30","message":"failed to retrive data from last query performed"}
{"level":"error","service":"account-service","error":"rpc error: code = Internal desc = failed to create franchise : sql: expected 8 destination arguments in Scan, not 1","layer":"handler","method":"CreateFranchise","time":"2025-05-14T20:42:24+05:30","message":"somthing went wrong while creating: %snew owner"}
{"level":"error","service":"account-service","error":"sql: expected 8 destination arguments in Scan, not 1","layer":"repository","method":"CreateFranchise","time":"2025-05-14T21:19:33+05:30","message":"failed to retrive data from last query performed"}
{"level":"error","service":"account-service","error":"rpc error: code = Internal desc = failed to create franchise : sql: expected 8 destination arguments in Scan, not 1","layer":"handler","method":"CreateFranchise","time":"2025-05-14T21:19:33+05:30","message":"somthing went wrong while creating: %snew owner"}
{"level":"info","service":"account-service","env":"local","time":"2025-05-14T21:21:01+05:30","message":"Starting account services"}
{"level":"error","service":"account-service","error":"rpc error: code = Internal desc = failed to create franchise : field logo_url not found in input struct","layer":"handler","method":"CreateFranchise","time":"2025-05-14T21:21:07+05:30","message":"somthing went wrong while creating: %snew owner"}
{"level":"info","service":"account-service","env":"local","time":"2025-05-14T21:52:34+05:30","message":"Starting account services"}
{"level":"error","service":"account-service","error":"rpc error: code = Unknown desc = token verification failed","time":"2025-05-14T21:54:20+05:30","message":"something went wrong while verifying token on authN services"}
{"level":"error","service":"account-service","error":"rpc error: code = Unknown desc = token verification failed","time":"2025-05-14T21:54:20+05:30","message":"something went wrong while verifying token"}
{"level":"error","service":"account-service","error":"rpc error: code = Unknown desc = token verification failed","layer":"middleware","method":"Unary","time":"2025-05-14T21:54:20+05:30","message":"authentication failed"}
{"level":"error","service":"account-service","error":"rpc error: code = Internal desc = failed to create franchise : column 'subdomain' not found in struct via tag 'json'","layer":"handler","method":"CreateFranchise","time":"2025-05-14T21:54:44+05:30","message":"somthing went wrong while creating: %snew owner"}
{"level":"error","service":"account-service","error":"pq: column \"subdomain\" does not exist","layer":"repository","method":"GetFranchiseByBusinessName","time":"2025-05-14T21:56:57+05:30","message":"db query failed"}
{"level":"error","service":"account-service","error":"rpc error: code = Internal desc = failed to create franchise : pq: column \"subdomain\" does not exist","layer":"handler","method":"CreateFranchise","time":"2025-05-14T21:56:57+05:30","message":"somthing went wrong while creating: %snew owner"}
{"level":"error","service":"account-service","error":"pq: column \"subdomain\" does not exist","layer":"repository","method":"GetFranchiseByBusinessName","time":"2025-05-14T21:57:18+05:30","message":"db query failed"}
{"level":"error","service":"account-service","error":"rpc error: code = Internal desc = failed to create franchise : pq: column \"subdomain\" does not exist","layer":"handler","method":"CreateFranchise","time":"2025-05-14T21:57:18+05:30","message":"somthing went wrong while creating: %snew owner"}
{"level":"info","service":"account-service","env":"local","time":"2025-05-14T21:58:18+05:30","message":"Starting account services"}
{"level":"error","service":"account-service","error":"pq: column \"subdomain\" does not exist","layer":"repository","method":"GetFranchiseByBusinessName","time":"2025-05-14T21:58:40+05:30","message":"db query failed"}
{"level":"error","service":"account-service","error":"rpc error: code = Internal desc = failed to create franchise : pq: column \"subdomain\" does not exist","layer":"handler","method":"CreateFranchise","time":"2025-05-14T21:58:40+05:30","message":"somthing went wrong while creating: %snew owner"}
{"level":"info","service":"account-service","env":"local","time":"2025-05-14T22:00:02+05:30","message":"Starting account services"}
{"level":"error","service":"account-service","error":"sql: expected 8 destination arguments in Scan, not 1","layer":"repository","method":"CreateFranchise","time":"2025-05-14T22:00:22+05:30","message":"failed to retrive data from last query performed"}
{"level":"error","service":"account-service","error":"rpc error: code = Internal desc = failed to create franchise : sql: expected 8 destination arguments in Scan, not 1","layer":"handler","method":"CreateFranchise","time":"2025-05-14T22:00:22+05:30","message":"somthing went wrong while creating: %snew owner"}
{"level":"error","service":"account-service","error":"sql: expected 8 destination arguments in Scan, not 1","layer":"repository","method":"CreateFranchise","time":"2025-05-14T22:56:05+05:30","message":"failed to retrive data from last query performed"}
{"level":"error","service":"account-service","error":"rpc error: code = Internal desc = failed to create franchise : sql: expected 8 destination arguments in Scan, not 1","layer":"handler","method":"CreateFranchise","time":"2025-05-14T22:56:05+05:30","message":"somthing went wrong while creating: %snew owner"}
{"level":"info","service":"account-service","env":"local","time":"2025-05-15T09:58:19+05:30","message":"Starting account services"}
{"level":"info","service":"account-service","env":"local","time":"2025-05-15T10:10:47+05:30","message":"Starting account services"}
{"level":"info","service":"account-service","env":"local","time":"2025-05-15T10:12:31+05:30","message":"Starting account services"}
{"level":"info","service":"account-service","env":"local","time":"2025-05-15T10:22:12+05:30","message":"Starting account services"}
{"level":"error","service":"account-service","error":"rpc error: code = Unknown desc = token verification failed","time":"2025-05-15T10:22:16+05:30","message":"something went wrong while verifying token on authN services"}
{"level":"error","service":"account-service","error":"rpc error: code = Unknown desc = token verification failed","time":"2025-05-15T10:22:16+05:30","message":"something went wrong while verifying token"}
{"level":"error","service":"account-service","error":"rpc error: code = Unknown desc = token verification failed","layer":"middleware","method":"Unary","time":"2025-05-15T10:22:16+05:30","message":"authentication failed"}
{"level":"error","service":"account-service","error":"pq: duplicate key value violates unique constraint \"franchises_subdomain_key\"","layer":"repository","method":"CreateFranchise","time":"2025-05-15T10:22:59+05:30","message":"db query failed"}
{"level":"error","service":"account-service","error":"rpc error: code = Internal desc = failed to create franchise : pq: duplicate key value violates unique constraint \"franchises_subdomain_key\"","method":"CreateFranchise","layer":"handler","time":"2025-05-15T10:22:59+05:30","message":"somthing went wrong while creating: %snew owner"}
{"level":"info","service":"account-service","env":"local","time":"2025-05-15T10:27:48+05:30","message":"Starting account services"}
{"level":"error","service":"account-service","error":"input is too short","layer":"handler","method":"UpdateFranchise","time":"2025-05-15T10:34:38+05:30","message":"unable to validate  frachise fields"}
{"level":"error","service":"account-service","error":"rpc error: code = Internal desc = failed to create franchise : rpc error: code = PermissionDenied desc = permission not found","method":"CreateFranchise","layer":"handler","time":"2025-05-15T10:36:13+05:30","message":"somthing went wrong while creating: %snew owner"}
{"level":"info","service":"account-service","env":"local","time":"2025-05-15T10:36:59+05:30","message":"Starting account services"}
{"level":"error","service":"account-service","error":"pq: duplicate key value violates unique constraint \"franchises_subdomain_key\"","layer":"repository","method":"CreateFranchise","time":"2025-05-15T10:37:07+05:30","message":"db query failed"}
{"level":"error","service":"account-service","error":"rpc error: code = Internal desc = failed to create franchise : pq: duplicate key value violates unique constraint \"franchises_subdomain_key\"","layer":"handler","method":"CreateFranchise","time":"2025-05-15T10:37:07+05:30","message":"somthing went wrong while creating: %snew owner"}
{"level":"info","service":"account-service","env":"local","time":"2025-05-15T14:08:29+05:30","message":"Starting account services"}
{"level":"error","service":"account-service","error":"missing resource in metadata","method":"Unary","layer":"middleware","time":"2025-05-15T14:08:57+05:30","message":"no permission request"}
{"level":"error","service":"account-service","error":"missing action in metadata","layer":"middleware","method":"Unary","time":"2025-05-15T14:09:19+05:30","message":"no permission request"}
{"level":"error","service":"account-service","error":"pq: duplicate key value violates unique constraint \"franchises_subdomain_key\"","layer":"repository","method":"CreateFranchise","time":"2025-05-15T14:09:43+05:30","message":"db query failed"}
{"level":"error","service":"account-service","error":"rpc error: code = Internal desc = failed to create franchise : pq: duplicate key value violates unique constraint \"franchises_subdomain_key\"","layer":"handler","method":"CreateFranchise","time":"2025-05-15T14:09:43+05:30","message":"somthing went wrong while creating: %snew owner"}
{"level":"error","service":"account-service","error":"rpc error: code = Unknown desc = token verification failed","time":"2025-05-15T14:10:24+05:30","message":"something went wrong while verifying token on authN services"}
{"level":"error","service":"account-service","error":"rpc error: code = Unknown desc = token verification failed","token":"[redacted]","time":"2025-05-15T14:10:24+05:30","message":"token verification failed"}
{"level":"error","service":"account-service","error":"failed to verify token: rpc error: code = Unknown desc = token verification failed","layer":"middleware","method":"Unary","time":"2025-05-15T14:10:24+05:30","message":"authentication failed"}
{"level":"error","service":"account-service","error":"pq: duplicate key value violates unique constraint \"franchises_subdomain_key\"","layer":"repository","method":"CreateFranchise","time":"2025-05-15T14:10:32+05:30","message":"db query failed"}
{"level":"error","service":"account-service","error":"rpc error: code = Internal desc = failed to create franchise : pq: duplicate key value violates unique constraint \"franchises_subdomain_key\"","layer":"handler","method":"CreateFranchise","time":"2025-05-15T14:10:32+05:30","message":"somthing went wrong while creating: %snew owner"}
{"level":"info","service":"account-service","env":"local","time":"2025-05-16T17:02:46+05:30","message":"Starting account services"}
{"level":"info","service":"account-service","env":"local","time":"2025-05-16T17:12:07+05:30","message":"Starting account services"}
{"level":"error","service":"account-service","error":"authorization header is missing","layer":"middleware","method":"Unary","time":"2025-05-16T17:13:35+05:30","message":"authentication failed"}
{"level":"error","service":"account-service","error":"missing resource in metadata","layer":"middleware","method":"Unary","time":"2025-05-16T17:14:17+05:30","message":"no permission request"}
{"level":"info","service":"account-service","env":"local","time":"2025-05-16T17:26:50+05:30","message":"Starting account services"}
{"level":"error","service":"account-service","error":"rpc error: code = Unknown desc = token verification failed","time":"2025-05-16T17:26:57+05:30","message":"something went wrong while verifying token on authN services"}
{"level":"error","service":"account-service","error":"rpc error: code = Unknown desc = token verification failed","token":"[redacted]","time":"2025-05-16T17:26:57+05:30","message":"token verification failed"}
{"level":"error","service":"account-service","error":"failed to verify token: rpc error: code = Unknown desc = token verification failed","method":"Unary","layer":"middleware","time":"2025-05-16T17:26:57+05:30","message":"authentication failed"}
{"level":"info","service":"account-service","env":"local","time":"2025-05-17T11:19:04+05:30","message":"Starting account services"}
{"level":"error","service":"account-service","error":"rpc error: code = Unknown desc = authorization header missing","layer":"client","method":"CheckAccess","time":"2025-05-17T11:19:20+05:30","message":"CheckAccess failed: %v"}
{"level":"error","service":"account-service","error":"rpc error: code = Unknown desc = authorization header missing","layer":"client","method":"CheckAccess","time":"2025-05-17T11:19:50+05:30","message":"CheckAccess failed: %v"}
{"level":"error","service":"account-service","error":"rpc error: code = Unknown desc = authorization header missing","layer":"client","method":"CheckAccess","time":"2025-05-17T11:19:56+05:30","message":"CheckAccess failed: %v"}
{"level":"error","service":"account-service","error":"rpc error: code = Unknown desc = authorization header missing","layer":"client","method":"CheckAccess","time":"2025-05-17T11:22:43+05:30","message":"CheckAccess failed: %v"}
{"level":"info","service":"account-service","env":"local","time":"2025-05-17T11:33:57+05:30","message":"Starting account services"}
{"level":"error","service":"account-service","error":"rpc error: code = Unknown desc = token verification failed","time":"2025-05-17T11:34:03+05:30","message":"something went wrong while verifying token on authN services"}
{"level":"error","service":"account-service","error":"rpc error: code = Unknown desc = token verification failed","token":"[redacted]","time":"2025-05-17T11:34:03+05:30","message":"token verification failed"}
{"level":"error","service":"account-service","error":"failed to verify token: rpc error: code = Unknown desc = token verification failed","layer":"middleware","method":"Unary","time":"2025-05-17T11:34:03+05:30","message":"authentication failed"}
{"level":"info","service":"account-service","env":"local","time":"2025-05-17T11:51:36+05:30","message":"Starting account services"}
{"level":"error","service":"account-service","error":"rpc error: code = Unknown desc = token verification failed","time":"2025-05-17T11:51:44+05:30","message":"something went wrong while verifying token on authN services"}
{"level":"error","service":"account-service","error":"rpc error: code = Unknown desc = token verification failed","token":"[redacted]","time":"2025-05-17T11:51:44+05:30","message":"token verification failed"}
{"level":"error","service":"account-service","error":"failed to verify token: rpc error: code = Unknown desc = token verification failed","layer":"middleware","method":"Unary","time":"2025-05-17T11:51:44+05:30","message":"authentication failed"}
{"level":"error","service":"account-service","error":"unauthorized condition column: deleted_at","layer":"repository","method":"GetFranchiseByID","schema":"outlet","table":"franchises","columns":"id, status, business_name, logo_url, sub_domain, theme_settings, franchise_owner_id, created_at, updated_at","conditions":"id=307bf12a-1de2-4873-a1b8-ef9246e366e2, deleted_at=<nil>","time":"2025-05-17T11:52:03+05:30","message":"something went wrong inside query select builder function"}
{"level":"info","service":"account-service","env":"local","time":"2025-05-19T21:28:15+05:30","message":"Starting account services"}
{"level":"error","service":"account-service","error":"rpc error: code = Unknown desc = token verification failed","time":"2025-05-19T21:30:53+05:30","message":"something went wrong while verifying token on authN services"}
{"level":"error","service":"account-service","error":"rpc error: code = Unknown desc = token verification failed","token":"[redacted]","time":"2025-05-19T21:30:53+05:30","message":"token verification failed"}
{"level":"error","service":"account-service","error":"failed to verify token: rpc error: code = Unknown desc = token verification failed","layer":"middleware","method":"Unary","time":"2025-05-19T21:30:53+05:30","message":"authentication failed"}
{"level":"error","service":"account-service","error":"rpc error: code = Unknown desc = token verification failed","time":"2025-05-19T21:31:35+05:30","message":"something went wrong while verifying token on authN services"}
{"level":"error","service":"account-service","error":"rpc error: code = Unknown desc = token verification failed","token":"[redacted]","time":"2025-05-19T21:31:35+05:30","message":"token verification failed"}
{"level":"error","service":"account-service","error":"failed to verify token: rpc error: code = Unknown desc = token verification failed","method":"Unary","layer":"middleware","time":"2025-05-19T21:31:35+05:30","message":"authentication failed"}
{"level":"error","service":"account-service","error":"unauthorized condition column: deleted_at","conditions":"id=f88e00dd-d2bb-46cd-84b6-bda823a38e4e, deleted_at=<nil>","layer":"repository","method":"GetFranchiseByID","schema":"outlet","table":"franchises","columns":"id, status, business_name, logo_url, sub_domain, theme_settings, franchise_owner_id, created_at, updated_at","time":"2025-05-19T21:31:57+05:30","message":"something went wrong inside query select builder function"}
{"level":"error","service":"account-service","error":"unauthorized condition column: deleted_at","layer":"repository","method":"GetFranchiseByID","schema":"outlet","table":"franchises","columns":"id, status, business_name, logo_url, sub_domain, theme_settings, franchise_owner_id, created_at, updated_at","conditions":"deleted_at=<nil>, id=f88e00dd-d2bb-46cd-84b6-bda823a38e4e","time":"2025-05-19T21:32:28+05:30","message":"something went wrong inside query select builder function"}
{"level":"info","service":"account-service","env":"local","time":"2025-05-19T21:36:22+05:30","message":"Starting account services"}
{"level":"error","service":"account-service","error":"pq: duplicate key value violates unique constraint \"franchises_subdomain_key\"","layer":"repository","method":"CreateFranchise","time":"2025-05-19T21:38:20+05:30","message":"db query failed"}
{"level":"error","service":"account-service","error":"rpc error: code = Internal desc = failed to create franchise : pq: duplicate key value violates unique constraint \"franchises_subdomain_key\"","layer":"handler","method":"CreateFranchise","time":"2025-05-19T21:38:20+05:30","message":"somthing went wrong while creating: %snew owner"}
{"level":"info","service":"account-service","env":"local","time":"2025-05-19T21:41:31+05:30","message":"Starting account services"}
{"level":"info","service":"account-service","env":"local","time":"2025-05-19T23:54:04+05:30","message":"Starting account services"}
{"level":"error","service":"account-service","error":"sql: Scan error on column index 5, name \"theme_settings\": unsupported Scan, storing driver.Value type []uint8 into type *map[string]interface {}","layer":"repository","method":"GetFranchiseByID","time":"2025-05-19T23:56:08+05:30","message":"failed to retrive data from last query performed"}
{"level":"info","service":"account-service","env":"local","time":"2025-05-20T00:01:15+05:30","message":"Starting account services"}
{"level":"error","service":"account-service","error":"failed to unmarshal JSON for field ThemeSettings: json: Unmarshal(non-pointer map[string]interface {})","layer":"repository","method":"GetFranchiseByID","time":"2025-05-20T00:01:39+05:30","message":"failed to unmarshal JSON fields"}
{"level":"info","service":"account-service","env":"local","time":"2025-05-20T00:07:47+05:30","message":"Starting account services"}
{"level":"error","service":"account-service","error":"destination must be a pointer to struct","layer":"repository","method":"GetFranchiseByID","time":"2025-05-20T00:08:14+05:30","message":"failed to map struct for scanning"}
{"level":"info","service":"account-service","env":"local","time":"2025-05-20T00:11:49+05:30","message":"Starting account services"}
{"level":"error","service":"account-service","error":"rpc error: code = Unknown desc = token verification failed","time":"2025-05-20T00:11:52+05:30","message":"something went wrong while verifying token on authN services"}
{"level":"error","service":"account-service","error":"rpc error: code = Unknown desc = token verification failed","token":"[redacted]","time":"2025-05-20T00:11:52+05:30","message":"token verification failed"}
{"level":"error","service":"account-service","error":"failed to verify token: rpc error: code = Unknown desc = token verification failed","method":"Unary","layer":"middleware","time":"2025-05-20T00:11:52+05:30","message":"authentication failed"}
{"level":"error","service":"account-service","error":"destination must be a pointer to struct","layer":"repository","method":"GetFranchiseByID","time":"2025-05-20T00:12:14+05:30","message":"failed to map struct for scanning"}
{"level":"info","service":"account-service","env":"local","time":"2025-05-20T00:16:25+05:30","message":"Starting account services"}
{"level":"error","service":"account-service","error":"destination must be a pointer to struct","layer":"repository","method":"GetFranchiseByID","time":"2025-05-20T00:16:51+05:30","message":"failed to map struct for scanning"}
{"level":"info","service":"account-service","env":"local","time":"2025-05-20T00:21:47+05:30","message":"Starting account services"}
{"level":"info","service":"account-service","env":"local","time":"2025-05-20T00:27:44+05:30","message":"Starting account services"}
{"level":"error","service":"account-service","error":"rpc error: code = Unknown desc = token verification failed","time":"2025-05-20T00:28:07+05:30","message":"something went wrong while verifying token on authN services"}
{"level":"error","service":"account-service","error":"rpc error: code = Unknown desc = token verification failed","token":"[redacted]","time":"2025-05-20T00:28:07+05:30","message":"token verification failed"}
{"level":"error","service":"account-service","error":"failed to verify token: rpc error: code = Unknown desc = token verification failed","layer":"middleware","method":"Unary","time":"2025-05-20T00:28:07+05:30","message":"authentication failed"}
{"level":"info","service":"account-service","env":"local","time":"2025-05-20T00:29:43+05:30","message":"Starting account services"}
{"level":"error","service":"account-service","error":"unauthorized condition column: deleted_at__null","schema":"outlet","table":"franchises","columns":"id, business_name, logo_url, sub_domain, theme_settings, status, franchise_owner_id","conditions":"deleted_at__null=true","layer":"repository","method":"GetAllFranchises","time":"2025-05-20T00:31:48+05:30","message":"something went wrong inside query select builder function"}
{"level":"error","service":"account-service","error":"sql: Scan error on column index 4, name \"theme_settings\": unsupported Scan, storing driver.Value type []uint8 into type *map[string]interface {}","time":"2025-05-20T00:31:48+05:30","message":"Failed to scan GetAllFranchises row"}
{"level":"error","service":"account-service","error":"rpc error: code = Unknown desc = token verification failed","time":"2025-05-20T00:33:28+05:30","message":"something went wrong while verifying token on authN services"}
{"level":"error","service":"account-service","error":"rpc error: code = Unknown desc = token verification failed","token":"[redacted]","time":"2025-05-20T00:33:28+05:30","message":"token verification failed"}
{"level":"error","service":"account-service","error":"failed to verify token: rpc error: code = Unknown desc = token verification failed","layer":"middleware","method":"Unary","time":"2025-05-20T00:33:28+05:30","message":"authentication failed"}
{"level":"error","service":"account-service","error":"pq: null value in column \"id\" of relation \"franchises\" violates not-null constraint","layer":"repository","method":"UpdateFranchise","time":"2025-05-20T00:33:58+05:30","message":"db query failed"}
{"level":"error","service":"account-service","error":"rpc error: code = Unknown desc = token verification failed","time":"2025-05-20T20:55:37+05:30","message":"something went wrong while verifying token on authN services"}
{"level":"error","service":"account-service","error":"rpc error: code = Unknown desc = token verification failed","token":"[redacted]","time":"2025-05-20T20:55:37+05:30","message":"token verification failed"}
{"level":"error","service":"account-service","error":"failed to verify token: rpc error: code = Unknown desc = token verification failed","layer":"middleware","method":"Unary","time":"2025-05-20T20:55:37+05:30","message":"authentication failed"}
{"level":"error","service":"account-service","error":"rpc error: code = Unknown desc = token verification failed","time":"2025-05-20T20:56:01+05:30","message":"something went wrong while verifying token on authN services"}
{"level":"error","service":"account-service","error":"rpc error: code = Unknown desc = token verification failed","token":"[redacted]","time":"2025-05-20T20:56:01+05:30","message":"token verification failed"}
{"level":"error","service":"account-service","error":"failed to verify token: rpc error: code = Unknown desc = token verification failed","layer":"middleware","method":"Unary","time":"2025-05-20T20:56:01+05:30","message":"authentication failed"}
{"level":"error","service":"account-service","error":"rpc error: code = Unknown desc = token verification failed","time":"2025-05-20T22:32:42+05:30","message":"something went wrong while verifying token on authN services"}
{"level":"error","service":"account-service","error":"rpc error: code = Unknown desc = token verification failed","token":"[redacted]","time":"2025-05-20T22:32:43+05:30","message":"token verification failed"}
{"level":"error","service":"account-service","error":"failed to verify token: rpc error: code = Unknown desc = token verification failed","layer":"middleware","method":"Unary","time":"2025-05-20T22:32:43+05:30","message":"authentication failed"}
{"level":"error","service":"account-service","error":"invalid authorization header format","layer":"middleware","method":"Unary","time":"2025-05-20T22:34:25+05:30","message":"authentication failed"}
{"level":"error","service":"account-service","error":"invalid authorization header format","layer":"middleware","method":"Unary","time":"2025-05-20T22:34:39+05:30","message":"authentication failed"}
{"level":"error","service":"account-service","error":"rpc error: code = Unknown desc = token verification failed","time":"2025-05-20T22:36:08+05:30","message":"something went wrong while verifying token on authN services"}
{"level":"error","service":"account-service","error":"rpc error: code = Unknown desc = token verification failed","token":"[redacted]","time":"2025-05-20T22:36:08+05:30","message":"token verification failed"}
{"level":"error","service":"account-service","error":"failed to verify token: rpc error: code = Unknown desc = token verification failed","layer":"middleware","method":"Unary","time":"2025-05-20T22:36:08+05:30","message":"authentication failed"}
{"level":"error","service":"account-service","error":"rpc error: code = Unknown desc = token verification failed","time":"2025-05-20T22:39:49+05:30","message":"something went wrong while verifying token on authN services"}
{"level":"error","service":"account-service","error":"rpc error: code = Unknown desc = token verification failed","token":"[redacted]","time":"2025-05-20T22:39:49+05:30","message":"token verification failed"}
{"level":"error","service":"account-service","error":"failed to verify token: rpc error: code = Unknown desc = token verification failed","layer":"middleware","method":"Unary","time":"2025-05-20T22:39:49+05:30","message":"authentication failed"}
{"level":"error","service":"account-service","error":"rpc error: code = Unknown desc = token verification failed","time":"2025-05-20T22:40:04+05:30","message":"something went wrong while verifying token on authN services"}
{"level":"error","service":"account-service","error":"rpc error: code = Unknown desc = token verification failed","token":"[redacted]","time":"2025-05-20T22:40:04+05:30","message":"token verification failed"}
{"level":"error","service":"account-service","error":"failed to verify token: rpc error: code = Unknown desc = token verification failed","layer":"middleware","method":"Unary","time":"2025-05-20T22:40:04+05:30","message":"authentication failed"}
{"level":"error","service":"account-service","error":"rpc error: code = Unknown desc = token verification failed","time":"2025-05-20T22:41:29+05:30","message":"something went wrong while verifying token on authN services"}
{"level":"error","service":"account-service","error":"rpc error: code = Unknown desc = token verification failed","token":"[redacted]","time":"2025-05-20T22:41:29+05:30","message":"token verification failed"}
{"level":"error","service":"account-service","error":"failed to verify token: rpc error: code = Unknown desc = token verification failed","layer":"middleware","method":"Unary","time":"2025-05-20T22:41:29+05:30","message":"authentication failed"}
{"level":"error","service":"account-service","error":"invalid authorization header format","layer":"middleware","method":"Unary","time":"2025-05-21T00:22:48+05:30","message":"authentication failed"}
{"level":"error","service":"account-service","error":"invalid authorization header format","method":"Unary","layer":"middleware","time":"2025-05-21T00:25:16+05:30","message":"authentication failed"}
{"level":"error","service":"account-service","error":"invalid authorization header format","layer":"middleware","method":"Unary","time":"2025-05-21T00:25:50+05:30","message":"authentication failed"}
{"level":"error","service":"account-service","error":"invalid authorization header format","layer":"middleware","method":"Unary","time":"2025-05-21T00:26:04+05:30","message":"authentication failed"}
{"level":"info","service":"account-service","env":"local","time":"2025-05-21T20:18:57+05:30","message":"Starting account services"}
{"level":"error","service":"account-service","error":"unauthorized condition column: deleted_at__null","table":"franchises","columns":"id, business_name, logo_url, sub_domain, theme_settings, status, franchise_owner_id","conditions":"deleted_at__null=true","layer":"repository","method":"GetAllFranchises","schema":"outlet","time":"2025-05-21T20:22:37+05:30","message":"something went wrong inside query select builder function"}
{"level":"error","service":"account-service","error":"sql: Scan error on column index 4, name \"theme_settings\": unsupported Scan, storing driver.Value type []uint8 into type *map[string]interface {}","time":"2025-05-21T20:22:37+05:30","message":"Failed to scan GetAllFranchises row"}
{"level":"info","service":"account-service","env":"local","time":"2025-05-21T21:59:57+05:30","message":"Starting account services"}
{"level":"error","service":"account-service","error":"sql: Scan error on column index 3, name \"logo_url\": converting NULL to string is unsupported","layer":"repository","method":"GetAllFranchises","time":"2025-05-21T22:00:16+05:30","message":"failed to retrive data from last query performed"}
{"level":"error","service":"account-service","error":"sql: Scan error on column index 3, name \"logo_url\": converting NULL to string is unsupported","time":"2025-05-21T22:00:16+05:30","message":"Failed to scan GetAllFranchises row"}
{"level":"info","service":"account-service","env":"local","time":"2025-05-21T22:46:50+05:30","message":"Starting account services"}
{"level":"error","service":"account-service","error":"rpc error: code = Unknown desc = token verification failed","time":"2025-05-21T22:47:03+05:30","message":"something went wrong while verifying token on authN services"}
{"level":"error","service":"account-service","error":"rpc error: code = Unknown desc = token verification failed","token":"[redacted]","time":"2025-05-21T22:47:03+05:30","message":"token verification failed"}
{"level":"error","service":"account-service","error":"failed to verify token: rpc error: code = Unknown desc = token verification failed","layer":"middleware","method":"Unary","time":"2025-05-21T22:47:03+05:30","message":"authentication failed"}
{"level":"info","service":"account-service","env":"local","time":"2025-05-21T23:28:16+05:30","message":"Starting account services"}
{"level":"error","service":"account-service","error":"rpc error: code = InvalidArgument desc = invalid timestamp format: invalid dob format: parsing time \"21/08/1991\" as \"2006-01-02\": cannot parse \"21/08/1991\" as \"2006\"","method":"CreateNewOwner","layer":"handler","time":"2025-05-21T23:28:31+05:30","message":"something went wrong while mapping proto to model"}
{"level":"error","service":"account-service","error":"rpc error: code = InvalidArgument desc = invalid timestamp format: invalid dob format: parsing time \"1991/08/21\" as \"2006-01-02\": cannot parse \"/08/21\" as \"-\"","layer":"handler","method":"CreateNewOwner","time":"2025-05-21T23:29:14+05:30","message":"something went wrong while mapping proto to model"}
{"level":"error","service":"account-service","error":"rpc error: code = InvalidArgument desc = invalid timestamp format: invalid dob format: parsing time \"1991/21/08\" as \"2006-01-02\": cannot parse \"/21/08\" as \"-\"","layer":"handler","method":"CreateNewOwner","time":"2025-05-21T23:29:22+05:30","message":"something went wrong while mapping proto to model"}
{"level":"info","service":"account-service","env":"local","time":"2025-05-21T23:31:04+05:30","message":"Starting account services"}
{"level":"error","service":"account-service","error":"rpc error: code = InvalidArgument desc = invalid timestamp format: invalid dob format: parsing time \"21/08/1991\": month out of range","layer":"handler","method":"CreateNewOwner","time":"2025-05-21T23:31:08+05:30","message":"something went wrong while mapping proto to model"}
{"level":"info","service":"account-service","env":"local","time":"2025-05-21T23:33:09+05:30","message":"Starting account services"}
{"level":"error","service":"account-service","error":"rpc error: code = InvalidArgument desc = invalid timestamp format: invalid dob format: parsing time \"2006-01-25\" as \"2006-01-25\": cannot parse \"\" as \"5\"","layer":"handler","method":"CreateNewOwner","time":"2025-05-21T23:33:14+05:30","message":"something went wrong while mapping proto to model"}
{"level":"info","service":"account-service","env":"local","time":"2025-05-21T23:36:05+05:30","message":"Starting account services"}
{"level":"error","service":"account-service","error":"rpc error: code = InvalidArgument desc = invalid timestamp format: invalid dob format: parsing time \"1963/09/21\" as \"2006-01-02\": cannot parse \"/09/21\" as \"-\"","layer":"handler","method":"CreateNewOwner","time":"2025-05-21T23:36:26+05:30","message":"something went wrong while mapping proto to model"}
{"level":"info","service":"account-service","env":"local","time":"2025-05-21T23:39:12+05:30","message":"Starting account services"}
{"level":"info","service":"account-service","env":"local","time":"2025-05-21T23:41:17+05:30","message":"Starting account services"}
{"level":"info","service":"account-service","env":"local","time":"2025-05-21T23:42:13+05:30","message":"Starting account services"}
{"level":"info","service":"account-service","env":"local","time":"2025-05-21T23:44:48+05:30","message":"Starting account services"}
{"level":"error","service":"account-service","error":"rpc error: code = Unknown desc = token verification failed","time":"2025-05-21T23:44:53+05:30","message":"something went wrong while verifying token on authN services"}
{"level":"error","service":"account-service","error":"rpc error: code = Unknown desc = token verification failed","token":"[redacted]","time":"2025-05-21T23:44:53+05:30","message":"token verification failed"}
{"level":"error","service":"account-service","error":"failed to verify token: rpc error: code = Unknown desc = token verification failed","layer":"middleware","method":"Unary","time":"2025-05-21T23:44:53+05:30","message":"authentication failed"}
{"level":"info","service":"account-service","env":"local","time":"2025-05-21T23:47:11+05:30","message":"Starting account services"}
{"level":"info","service":"account-service","env":"local","time":"2025-05-21T23:53:57+05:30","message":"Starting account services"}
{"level":"info","service":"account-service","env":"local","time":"2025-05-22T00:00:37+05:30","message":"Starting account services"}
{"level":"error","service":"account-service","error":"rpc error: code = Unknown desc = token verification failed","time":"2025-05-22T00:00:40+05:30","message":"something went wrong while verifying token on authN services"}
{"level":"error","service":"account-service","error":"rpc error: code = Unknown desc = token verification failed","token":"[redacted]","time":"2025-05-22T00:00:40+05:30","message":"token verification failed"}
{"level":"error","service":"account-service","error":"failed to verify token: rpc error: code = Unknown desc = token verification failed","layer":"middleware","method":"Unary","time":"2025-05-22T00:00:40+05:30","message":"authentication failed"}
{"level":"info","service":"account-service","env":"local","time":"2025-05-22T00:02:04+05:30","message":"Starting account services"}
{"level":"error","service":"account-service","error":"pq: relation \"outlet.owner\" does not exist","layer":"repository","method":"CheckIfOwnerExistsByAadharID","time":"2025-05-22T00:02:18+05:30","message":"db query failed"}
{"level":"error","service":"account-service","error":"rpc error: code = Internal desc = failed to create franchise owner: pq: relation \"outlet.owner\" does not exist","layer":"handler","method":"CreateNewOwner","time":"2025-05-22T00:02:18+05:30","message":"somthing went wrong while creating: %snew owner"}
{"level":"info","service":"account-service","env":"local","time":"2025-05-22T00:03:20+05:30","message":"Starting account services"}
{"level":"error","service":"account-service","error":"rpc error: code = Internal desc = failed to create franchise owner: a person is already registered with the same aadhar no","layer":"handler","method":"CreateNewOwner","time":"2025-05-22T00:03:25+05:30","message":"somthing went wrong while creating: %snew owner"}
{"level":"error","service":"account-service","error":"rpc error: code = Internal desc = failed to create franchise owner: a person is already registered with the same aadhar no","layer":"handler","method":"CreateNewOwner","time":"2025-05-22T00:04:11+05:30","message":"somthing went wrong while creating: %snew owner"}
{"level":"info","service":"account-service","env":"local","time":"2025-05-22T00:08:01+05:30","message":"Starting account services"}
{"level":"error","service":"account-service","error":"rpc error: code = Internal desc = failed to create franchise owner: a person is already registered with the same aadhar no","layer":"handler","method":"CreateNewOwner","time":"2025-05-22T00:08:05+05:30","message":"somthing went wrong while creating: %snew owner"}
{"level":"info","service":"account-service","env":"local","time":"2025-05-22T00:12:44+05:30","message":"Starting account services"}
{"level":"error","service":"account-service","error":"destination must be a pointer to struct","layer":"repository","method":"CheckIfOwnerExistsByAadharID","time":"2025-05-22T00:12:51+05:30","message":"failed to map struct for scanning"}
{"level":"error","service":"account-service","error":"rpc error: code = Internal desc = failed to create franchise owner: destination must be a pointer to struct","layer":"handler","method":"CreateNewOwner","time":"2025-05-22T00:12:51+05:30","message":"somthing went wrong while creating: %snew owner"}
{"level":"info","service":"account-service","env":"local","time":"2025-05-22T00:15:16+05:30","message":"Starting account services"}
{"level":"error","service":"account-service","error":"destination must be a pointer to struct","layer":"repository","method":"CheckIfOwnerExistsByAadharID","time":"2025-05-22T00:15:18+05:30","message":"failed to map struct for scanning"}
{"level":"error","service":"account-service","error":"rpc error: code = Internal desc = failed to create franchise owner: destination must be a pointer to struct","layer":"handler","method":"CreateNewOwner","time":"2025-05-22T00:15:18+05:30","message":"somthing went wrong while creating: %snew owner"}
{"level":"info","service":"account-service","env":"local","time":"2025-05-22T00:16:38+05:30","message":"Starting account services"}
{"level":"error","service":"account-service","error":"rpc error: code = Unknown desc = token verification failed","time":"2025-05-22T00:16:42+05:30","message":"something went wrong while verifying token on authN services"}
{"level":"error","service":"account-service","error":"rpc error: code = Unknown desc = token verification failed","token":"[redacted]","time":"2025-05-22T00:16:42+05:30","message":"token verification failed"}
{"level":"error","service":"account-service","error":"failed to verify token: rpc error: code = Unknown desc = token verification failed","layer":"middleware","method":"Unary","time":"2025-05-22T00:16:42+05:30","message":"authentication failed"}
{"level":"error","service":"account-service","error":"rpc error: code = Internal desc = failed to create franchise owner: a person is already registered with the same aadhar no","layer":"handler","method":"CreateNewOwner","time":"2025-05-22T00:16:52+05:30","message":"somthing went wrong while creating: %snew owner"}
{"level":"error","service":"account-service","error":"rpc error: code = Internal desc = failed to create franchise owner: a person is already registered with the same aadhar no","layer":"handler","method":"CreateNewOwner","time":"2025-05-22T00:17:09+05:30","message":"somthing went wrong while creating: %snew owner"}
{"level":"info","service":"account-service","env":"local","time":"2025-05-22T00:19:08+05:30","message":"Starting account services"}
{"level":"error","service":"account-service","error":"rpc error: code = Internal desc = failed to create franchise owner: a person is already registered with the same aadhar no","layer":"handler","method":"CreateNewOwner","time":"2025-05-22T00:19:09+05:30","message":"somthing went wrong while creating: %snew owner"}
{"level":"info","service":"account-service","env":"local","time":"2025-05-22T00:29:02+05:30","message":"Starting account services"}
{"level":"error","service":"account-service","error":"rpc error: code = Internal desc = failed to create franchise owner: a person is already registered with the same aadhar no","layer":"handler","method":"CreateNewOwner","time":"2025-05-22T00:29:04+05:30","message":"somthing went wrong while creating: %snew owner"}
{"level":"info","service":"account-service","env":"local","time":"2025-05-22T00:30:28+05:30","message":"Starting account services"}
{"level":"error","service":"account-service","error":"rpc error: code = Internal desc = failed to create franchise owner: a person is already registered with the same aadhar no","layer":"handler","method":"CreateNewOwner","time":"2025-05-22T00:30:31+05:30","message":"somthing went wrong while creating: %snew owner"}
{"level":"info","service":"account-service","env":"local","time":"2025-05-22T00:31:21+05:30","message":"Starting account services"}
{"level":"error","service":"account-service","error":"rpc error: code = Internal desc = failed to create franchise owner: a person is already registered with the same aadhar no","layer":"handler","method":"CreateNewOwner","time":"2025-05-22T00:31:29+05:30","message":"somthing went wrong while creating: %snew owner"}
{"level":"info","service":"account-service","env":"local","time":"2025-05-22T00:34:17+05:30","message":"Starting account services"}
{"level":"error","service":"account-service","error":"rpc error: code = Unknown desc = token verification failed","time":"2025-05-22T00:34:24+05:30","message":"something went wrong while verifying token on authN services"}
{"level":"error","service":"account-service","error":"rpc error: code = Unknown desc = token verification failed","token":"[redacted]","time":"2025-05-22T00:34:24+05:30","message":"token verification failed"}
{"level":"error","service":"account-service","error":"failed to verify token: rpc error: code = Unknown desc = token verification failed","method":"Unary","layer":"middleware","time":"2025-05-22T00:34:24+05:30","message":"authentication failed"}
{"level":"error","service":"account-service","error":"rpc error: code = Internal desc = failed to create franchise owner: a person is already registered with the same aadhar no","layer":"handler","method":"CreateNewOwner","time":"2025-05-22T00:34:47+05:30","message":"somthing went wrong while creating: %snew owner"}
{"level":"info","service":"account-service","env":"local","time":"2025-05-22T00:40:35+05:30","message":"Starting account services"}
{"level":"error","service":"account-service","error":"pq: invalid input syntax for type uuid: \"\"","layer":"repository","method":"CreateOwner","time":"2025-05-22T00:40:44+05:30","message":"db query failed"}
{"level":"error","service":"account-service","error":"rpc error: code = Internal desc = failed to create franchise owner: pq: invalid input syntax for type uuid: \"\"","layer":"handler","method":"CreateNewOwner","time":"2025-05-22T00:40:44+05:30","message":"somthing went wrong while creating: %snew owner"}
{"level":"info","service":"account-service","env":"local","time":"2025-05-22T00:42:43+05:30","message":"Starting account services"}
{"level":"error","service":"account-service","error":"destination must be a pointer to struct","layer":"repository","method":"CreateOwner","time":"2025-05-22T00:42:46+05:30","message":"failed to map struct for scanning"}
{"level":"error","service":"account-service","error":"rpc error: code = Internal desc = failed to create franchise owner: destination must be a pointer to struct","method":"CreateNewOwner","layer":"handler","time":"2025-05-22T00:42:46+05:30","message":"somthing went wrong while creating: %snew owner"}
{"level":"info","service":"account-service","env":"local","time":"2025-05-22T00:45:13+05:30","message":"Starting account services"}
{"level":"error","service":"account-service","error":"rpc error: code = Internal desc = failed to create franchise owner: a person is already registered with the same aadhar no","layer":"handler","method":"CreateNewOwner","time":"2025-05-22T00:45:15+05:30","message":"somthing went wrong while creating: %snew owner"}
{"level":"error","service":"account-service","error":"sql: expected 2 destination arguments in Scan, not 0","layer":"repository","method":"CreateOwner","time":"2025-05-22T00:45:45+05:30","message":"failed to retrive data from last query performed"}
{"level":"error","service":"account-service","error":"rpc error: code = Internal desc = failed to create franchise owner: sql: expected 2 destination arguments in Scan, not 0","layer":"handler","method":"CreateNewOwner","time":"2025-05-22T00:45:45+05:30","message":"somthing went wrong while creating: %snew owner"}
{"level":"error","service":"account-service","error":"rpc error: code = Internal desc = failed to create franchise owner: a person is already registered with the same aadhar no","layer":"handler","method":"CreateNewOwner","time":"2025-05-22T20:35:04+05:30","message":"somthing went wrong while creating: %snew owner"}
{"level":"error","service":"account-service","error":"sql: expected 2 destination arguments in Scan, not 0","layer":"repository","method":"CreateOwner","time":"2025-05-22T20:35:34+05:30","message":"failed to retrive data from last query performed"}
{"level":"error","service":"account-service","error":"rpc error: code = Internal desc = failed to create franchise owner: sql: expected 2 destination arguments in Scan, not 0","layer":"handler","method":"CreateNewOwner","time":"2025-05-22T20:35:34+05:30","message":"somthing went wrong while creating: %snew owner"}
{"level":"info","service":"account-service","env":"local","time":"2025-05-22T20:37:57+05:30","message":"Starting account services"}
{"level":"info","service":"account-service","env":"local","time":"2025-05-22T20:39:44+05:30","message":"Starting account services"}
{"level":"error","service":"account-service","error":"pq: duplicate key value violates unique constraint \"owner_aadhar_no_key\"","layer":"repository","method":"CreateOwner","time":"2025-05-22T20:39:50+05:30","message":"db query failed"}
{"level":"error","service":"account-service","error":"rpc error: code = Internal desc = failed to create franchise owner: pq: duplicate key value violates unique constraint \"owner_aadhar_no_key\"","layer":"handler","method":"CreateNewOwner","time":"2025-05-22T20:39:50+05:30","message":"somthing went wrong while creating: %snew owner"}
{"level":"error","service":"account-service","error":"sql: expected 2 destination arguments in Scan, not 0","method":"CreateOwner","layer":"repository","time":"2025-05-22T20:40:15+05:30","message":"failed to retrive data from last query performed"}
{"level":"error","service":"account-service","error":"rpc error: code = Internal desc = failed to create franchise owner: sql: expected 2 destination arguments in Scan, not 0","layer":"handler","method":"CreateNewOwner","time":"2025-05-22T20:40:15+05:30","message":"somthing went wrong while creating: %snew owner"}
{"level":"error","service":"account-service","error":"rpc error: code = Unknown desc = token verification failed","time":"2025-05-22T20:42:27+05:30","message":"something went wrong while verifying token on authN services"}
{"level":"error","service":"account-service","error":"rpc error: code = Unknown desc = token verification failed","token":"[redacted]","time":"2025-05-22T20:42:27+05:30","message":"token verification failed"}
{"level":"error","service":"account-service","error":"failed to verify token: rpc error: code = Unknown desc = token verification failed","layer":"middleware","method":"Unary","time":"2025-05-22T20:42:27+05:30","message":"authentication failed"}
{"level":"error","service":"account-service","error":"destination must be a pointer to struct","layer":"repository","method":"GetFranchiseByBusinessName","time":"2025-05-22T20:42:51+05:30","message":"failed to map struct for scanning"}
{"level":"error","service":"account-service","error":"rpc error: code = Internal desc = failed to create franchise : destination must be a pointer to struct","layer":"handler","method":"CreateFranchise","time":"2025-05-22T20:42:51+05:30","message":"somthing went wrong while creating: %snew owner"}
{"level":"error","service":"account-service","error":"destination must be a pointer to struct","layer":"repository","method":"GetFranchiseByBusinessName","time":"2025-05-22T20:43:08+05:30","message":"failed to map struct for scanning"}
{"level":"error","service":"account-service","error":"rpc error: code = Internal desc = failed to create franchise : destination must be a pointer to struct","layer":"handler","method":"CreateFranchise","time":"2025-05-22T20:43:08+05:30","message":"somthing went wrong while creating: %snew owner"}
{"level":"info","service":"account-service","env":"local","time":"2025-05-22T20:49:19+05:30","message":"Starting account services"}
{"level":"error","service":"account-service","error":"rpc error: code = Internal desc = failed to create franchise : sql: no rows in result set","layer":"handler","method":"CreateFranchise","time":"2025-05-22T20:49:25+05:30","message":"somthing went wrong while creating: %snew owner"}
{"level":"error","service":"account-service","error":"input is too short","layer":"handler","method":"CreateFranchise","time":"2025-05-22T20:50:06+05:30","message":"unable to validate  frachise fields"}
{"level":"error","service":"account-service","error":"rpc error: code = Internal desc = failed to create franchise : sql: no rows in result set","layer":"handler","method":"CreateFranchise","time":"2025-05-22T20:50:13+05:30","message":"somthing went wrong while creating: %snew owner"}
{"level":"info","service":"account-service","env":"local","time":"2025-05-22T20:51:43+05:30","message":"Starting account services"}
{"level":"error","service":"account-service","error":"rpc error: code = Internal desc = failed to create franchise : sql: no rows in result set","layer":"handler","method":"CreateFranchise","time":"2025-05-22T20:51:50+05:30","message":"somthing went wrong while creating: %snew owner"}
{"level":"info","service":"account-service","env":"local","time":"2025-05-22T20:53:15+05:30","message":"Starting account services"}
{"level":"error","service":"account-service","error":"rpc error: code = Internal desc = failed to create franchise : sql: no rows in result set","layer":"handler","method":"CreateFranchise","time":"2025-05-22T20:53:20+05:30","message":"somthing went wrong while creating: %snew owner"}
{"level":"info","service":"account-service","env":"local","time":"2025-05-22T20:53:51+05:30","message":"Starting account services"}
{"level":"error","service":"account-service","error":"rpc error: code = Internal desc = failed to create franchise : sql: no rows in result set","layer":"handler","method":"CreateFranchise","time":"2025-05-22T20:53:58+05:30","message":"somthing went wrong while creating: %snew owner"}
{"level":"info","service":"account-service","env":"local","time":"2025-05-22T20:58:06+05:30","message":"Starting account services"}
{"level":"error","service":"account-service","error":"rpc error: code = Unknown desc = token verification failed","time":"2025-05-22T20:58:10+05:30","message":"something went wrong while verifying token on authN services"}
{"level":"error","service":"account-service","error":"rpc error: code = Unknown desc = token verification failed","token":"[redacted]","time":"2025-05-22T20:58:10+05:30","message":"token verification failed"}
{"level":"error","service":"account-service","error":"failed to verify token: rpc error: code = Unknown desc = token verification failed","layer":"middleware","method":"Unary","time":"2025-05-22T20:58:10+05:30","message":"authentication failed"}
{"level":"error","service":"account-service","error":"pq: duplicate key value violates unique constraint \"franchises_subdomain_key\"","layer":"repository","method":"CreateFranchise","time":"2025-05-22T20:58:18+05:30","message":"db query failed"}
{"level":"error","service":"account-service","error":"rpc error: code = Internal desc = failed to create franchise : pq: duplicate key value violates unique constraint \"franchises_subdomain_key\"","layer":"handler","method":"CreateFranchise","time":"2025-05-22T20:58:18+05:30","message":"somthing went wrong while creating: %snew owner"}
{"level":"info","service":"account-service","env":"local","time":"2025-05-22T21:02:32+05:30","message":"Starting account services"}
{"level":"error","service":"account-service","error":"pq: duplicate key value violates unique constraint \"owner_aadhar_no_key\"","layer":"repository","method":"CreateOwner","time":"2025-05-22T21:02:55+05:30","message":"db query failed"}
{"level":"error","service":"account-service","error":"rpc error: code = Internal desc = failed to create franchise owner: pq: duplicate key value violates unique constraint \"owner_aadhar_no_key\"","layer":"handler","method":"CreateNewOwner","time":"2025-05-22T21:02:55+05:30","message":"somthing went wrong while creating: %snew owner"}
{"level":"error","service":"account-service","error":"sql: expected 2 destination arguments in Scan, not 0","layer":"repository","method":"CreateOwner","time":"2025-05-22T21:03:22+05:30","message":"failed to retrive data from last query performed"}
{"level":"error","service":"account-service","error":"rpc error: code = Internal desc = failed to create franchise owner: sql: expected 2 destination arguments in Scan, not 0","layer":"handler","method":"CreateNewOwner","time":"2025-05-22T21:03:22+05:30","message":"somthing went wrong while creating: %snew owner"}
{"level":"info","service":"account-service","env":"local","time":"2025-05-22T21:06:21+05:30","message":"Starting account services"}
{"level":"error","service":"account-service","error":"rpc error: code = Internal desc = failed to create franchise owner: tag 'created_at' not found in struct","layer":"handler","method":"CreateNewOwner","time":"2025-05-22T21:06:42+05:30","message":"somthing went wrong while creating: %snew owner"}
{"level":"info","service":"account-service","env":"local","time":"2025-05-22T21:09:49+05:30","message":"Starting account services"}
{"level":"error","service":"account-service","error":"pq: column \"id\" specified more than once","layer":"repository","method":"CreateOwner","time":"2025-05-22T21:09:56+05:30","message":"db query failed"}
{"level":"error","service":"account-service","error":"rpc error: code = Internal desc = failed to create franchise owner: pq: column \"id\" specified more than once","layer":"handler","method":"CreateNewOwner","time":"2025-05-22T21:09:56+05:30","message":"somthing went wrong while creating: %snew owner"}
{"level":"info","service":"account-service","env":"local","time":"2025-05-22T21:11:02+05:30","message":"Starting account services"}
{"level":"error","service":"account-service","error":"sql: expected 2 destination arguments in Scan, not 0","layer":"repository","method":"CreateOwner","time":"2025-05-22T21:11:05+05:30","message":"failed to retrive data from last query performed"}
{"level":"error","service":"account-service","error":"rpc error: code = Internal desc = failed to create franchise owner: sql: expected 2 destination arguments in Scan, not 0","layer":"handler","method":"CreateNewOwner","time":"2025-05-22T21:11:05+05:30","message":"somthing went wrong while creating: %snew owner"}
{"level":"info","service":"account-service","env":"local","time":"2025-05-22T21:14:52+05:30","message":"Starting account services"}
{"level":"error","service":"account-service","error":"rpc error: code = Unknown desc = token verification failed","time":"2025-05-22T21:14:56+05:30","message":"something went wrong while verifying token on authN services"}
{"level":"error","service":"account-service","error":"rpc error: code = Unknown desc = token verification failed","token":"[redacted]","time":"2025-05-22T21:14:56+05:30","message":"token verification failed"}
{"level":"error","service":"account-service","error":"failed to verify token: rpc error: code = Unknown desc = token verification failed","layer":"middleware","method":"Unary","time":"2025-05-22T21:14:56+05:30","message":"authentication failed"}
{"level":"info","service":"account-service","env":"local","time":"2025-05-22T21:16:48+05:30","message":"Starting account services"}
{"level":"error","service":"account-service","error":"sql: expected 2 destination arguments in Scan, not 0","layer":"repository","method":"CreateOwner","time":"2025-05-22T21:17:00+05:30","message":"failed to retrive data from last query performed"}
{"level":"error","service":"account-service","error":"rpc error: code = Internal desc = failed to create franchise owner: sql: expected 2 destination arguments in Scan, not 0","layer":"handler","method":"CreateNewOwner","time":"2025-05-22T21:17:00+05:30","message":"somthing went wrong while creating: %snew owner"}
{"level":"info","service":"account-service","env":"local","time":"2025-05-22T21:43:12+05:30","message":"Starting account services"}
{"level":"info","service":"account-service","env":"local","time":"2025-05-22T21:43:15+05:30","message":"Starting account services"}
{"level":"error","service":"account-service","error":"pq: duplicate key value violates unique constraint \"owner_aadhar_no_key\"","layer":"repository","method":"CreateOwner","time":"2025-05-22T21:43:32+05:30","message":"db query failed"}
{"level":"error","service":"account-service","error":"rpc error: code = Internal desc = failed to create franchise owner: pq: duplicate key value violates unique constraint \"owner_aadhar_no_key\"","layer":"handler","method":"CreateNewOwner","time":"2025-05-22T21:43:32+05:30","message":"somthing went wrong while creating: %snew owner"}
